
*** Running vivado
    with args -log top_uart_alu_system.vds -m64 -product Vivado -mode batch -messageDb vivado.pb -notrace -source top_uart_alu_system.tcl



****** Vivado v2025.1 (64-bit)
  **** SW Build 6140274 on Thu May 22 00:12:29 MDT 2025
  **** IP Build 6138677 on Thu May 22 03:10:11 MDT 2025
  **** SharedData Build 6139179 on Tue May 20 17:58:58 MDT 2025
  **** Start of session at: Sun Dec 28 09:31:16 2025
    ** Copyright 1986-2022 Xilinx, Inc. All Rights Reserved.
    ** Copyright 2022-2025 Advanced Micro Devices, Inc. All Rights Reserved.

source top_uart_alu_system.tcl -notrace
create_project: Time (s): cpu = 00:00:11 ; elapsed = 00:00:07 . Memory (MB): peak = 548.207 ; gain = 248.852
Command: read_checkpoint -auto_incremental -incremental {C:/Users/Agrajith/Desktop/Sem 5/Digital System Design/ALUFinal/ALUFinal/ALUFinal.srcs/utils_1/imports/synth_1/core.dcp}
INFO: [Vivado 12-5825] Read reference checkpoint from C:/Users/Agrajith/Desktop/Sem 5/Digital System Design/ALUFinal/ALUFinal/ALUFinal.srcs/utils_1/imports/synth_1/core.dcp for incremental synthesis
INFO: [Vivado 12-7989] Please ensure there are no constraint changes
Command: synth_design -top top_uart_alu_system -part xc7z010clg400-1
Starting synth_design
Attempting to get a license for feature 'Synthesis' and/or device 'xc7z010'
INFO: [Common 17-349] Got license for feature 'Synthesis' and/or device 'xc7z010'
INFO: [Device 21-403] Loading part xc7z010clg400-1
INFO: [Designutils 20-5440] No compile time benefit to using incremental synthesis; A full resynthesis will be run
INFO: [Designutils 20-4379] Flow is switching to default flow due to incremental criteria not met. If you would like to alter this behaviour and have the flow terminate instead, please set the following parameter config_implementation {autoIncr.Synth.RejectBehavior Terminate}
INFO: [Synth 8-7079] Multithreading enabled for synth_design using a maximum of 2 processes.
INFO: [Synth 8-7078] Launching helper process for spawning children vivado processes
INFO: [Synth 8-7075] Helper process launched with PID 27624
---------------------------------------------------------------------------------
Starting RTL Elaboration : Time (s): cpu = 00:00:04 ; elapsed = 00:00:05 . Memory (MB): peak = 1253.234 ; gain = 492.977
---------------------------------------------------------------------------------
INFO: [Synth 8-11241] undeclared symbol 'finishValCheck', assumed default net type 'wire' [C:/Users/Agrajith/Desktop/Sem 5/Digital System Design/ALUFinal/ALUFinal/ALUFinal.srcs/sources_1/new/ALU.v:162]
INFO: [Synth 8-11241] undeclared symbol 'mulFinished', assumed default net type 'wire' [C:/Users/Agrajith/Desktop/Sem 5/Digital System Design/ALUFinal/ALUFinal/ALUFinal.srcs/sources_1/new/ALU.v:188]
WARNING: [Synth 8-10604] concatenation with an unsized literal will be treated as 32 bits [C:/Users/Agrajith/Desktop/Sem 5/Digital System Design/ALUFinal/ALUFinal/ALUFinal.srcs/sources_1/new/exponentAlu.v:61]
WARNING: [Synth 8-10604] concatenation with an unsized literal will be treated as 32 bits [C:/Users/Agrajith/Desktop/Sem 5/Digital System Design/ALUFinal/ALUFinal/ALUFinal.srcs/sources_1/new/exponentAlu.v:62]
INFO: [Synth 8-11241] undeclared symbol 'encInexact', assumed default net type 'wire' [C:/Users/Agrajith/Desktop/Sem 5/Digital System Design/ALUFinal/ALUFinal/ALUFinal.srcs/sources_1/new/normalizer.v:68]
INFO: [Synth 8-11241] undeclared symbol 'reset', assumed default net type 'wire' [C:/Users/Agrajith/Desktop/Sem 5/Digital System Design/Final Integration/DemoTop.v:18]
WARNING: [Synth 8-8895] 'reset' is already implicitly declared on line 18 [C:/Users/Agrajith/Desktop/Sem 5/Digital System Design/Final Integration/DemoTop.v:230]
INFO: [Synth 8-6157] synthesizing module 'top_uart_alu_system' [C:/Users/Agrajith/Desktop/Sem 5/Digital System Design/Final Integration/DemoTop.v:3]
INFO: [Synth 8-6157] synthesizing module 'clkdiv' [C:/Users/Agrajith/Desktop/Sem 5/Digital System Design/ALUFinal/ALUFinal/ALUFinal.srcs/sources_1/new/clkDiv.v:2]
INFO: [Synth 8-6155] done synthesizing module 'clkdiv' (0#1) [C:/Users/Agrajith/Desktop/Sem 5/Digital System Design/ALUFinal/ALUFinal/ALUFinal.srcs/sources_1/new/clkDiv.v:2]
INFO: [Synth 8-6157] synthesizing module 'receiver' [C:/Users/Agrajith/Desktop/Sem 5/Digital System Design/ALUFinal/ALUFinal/ALUFinal.srcs/sources_1/imports/new/reciever.v:146]
	Parameter CLKS_PER_BIT bound to: 11 - type: integer 
INFO: [Synth 8-6155] done synthesizing module 'receiver' (0#1) [C:/Users/Agrajith/Desktop/Sem 5/Digital System Design/ALUFinal/ALUFinal/ALUFinal.srcs/sources_1/imports/new/reciever.v:146]
INFO: [Synth 8-6157] synthesizing module 'transmitter' [C:/Users/Agrajith/Desktop/Sem 5/Digital System Design/ALUFinal/ALUFinal/ALUFinal.srcs/sources_1/imports/new/tx.v:144]
	Parameter CLKS_PER_BIT bound to: 11 - type: integer 
INFO: [Synth 8-6155] done synthesizing module 'transmitter' (0#1) [C:/Users/Agrajith/Desktop/Sem 5/Digital System Design/ALUFinal/ALUFinal/ALUFinal.srcs/sources_1/imports/new/tx.v:144]
INFO: [Synth 8-6157] synthesizing module 'ALU' [C:/Users/Agrajith/Desktop/Sem 5/Digital System Design/ALUFinal/ALUFinal/ALUFinal.srcs/sources_1/new/ALU.v:5]
INFO: [Synth 8-6157] synthesizing module 'decoder' [C:/Users/Agrajith/Desktop/Sem 5/Digital System Design/ALUFinal/ALUFinal/ALUFinal.srcs/sources_1/new/decoder.v:3]
INFO: [Synth 8-6155] done synthesizing module 'decoder' (0#1) [C:/Users/Agrajith/Desktop/Sem 5/Digital System Design/ALUFinal/ALUFinal/ALUFinal.srcs/sources_1/new/decoder.v:3]
WARNING: [Synth 8-689] width (24) of port connection 'mantissa' does not match port width (25) of module 'decoder' [C:/Users/Agrajith/Desktop/Sem 5/Digital System Design/ALUFinal/ALUFinal/ALUFinal.srcs/sources_1/new/ALU.v:62]
WARNING: [Synth 8-689] width (9) of port connection 'exponent' does not match port width (8) of module 'decoder' [C:/Users/Agrajith/Desktop/Sem 5/Digital System Design/ALUFinal/ALUFinal/ALUFinal.srcs/sources_1/new/ALU.v:63]
WARNING: [Synth 8-689] width (24) of port connection 'mantissa' does not match port width (25) of module 'decoder' [C:/Users/Agrajith/Desktop/Sem 5/Digital System Design/ALUFinal/ALUFinal/ALUFinal.srcs/sources_1/new/ALU.v:77]
WARNING: [Synth 8-689] width (9) of port connection 'exponent' does not match port width (8) of module 'decoder' [C:/Users/Agrajith/Desktop/Sem 5/Digital System Design/ALUFinal/ALUFinal/ALUFinal.srcs/sources_1/new/ALU.v:78]
INFO: [Synth 8-6157] synthesizing module 'normalizer' [C:/Users/Agrajith/Desktop/Sem 5/Digital System Design/ALUFinal/ALUFinal/ALUFinal.srcs/sources_1/new/normalizer.v:4]
INFO: [Synth 8-6157] synthesizing module 'encoder' [C:/Users/Agrajith/Desktop/Sem 5/Digital System Design/ALUFinal/ALUFinal/ALUFinal.srcs/sources_1/new/encoder.v:3]
INFO: [Synth 8-155] case statement is not full and has no default [C:/Users/Agrajith/Desktop/Sem 5/Digital System Design/ALUFinal/ALUFinal/ALUFinal.srcs/sources_1/new/encoder.v:93]
INFO: [Synth 8-155] case statement is not full and has no default [C:/Users/Agrajith/Desktop/Sem 5/Digital System Design/ALUFinal/ALUFinal/ALUFinal.srcs/sources_1/new/encoder.v:49]
INFO: [Synth 8-6155] done synthesizing module 'encoder' (0#1) [C:/Users/Agrajith/Desktop/Sem 5/Digital System Design/ALUFinal/ALUFinal/ALUFinal.srcs/sources_1/new/encoder.v:3]
WARNING: [Synth 8-689] width (8) of port connection 'idx' does not match port width (6) of module 'encoder' [C:/Users/Agrajith/Desktop/Sem 5/Digital System Design/ALUFinal/ALUFinal/ALUFinal.srcs/sources_1/new/normalizer.v:64]
INFO: [Synth 8-155] case statement is not full and has no default [C:/Users/Agrajith/Desktop/Sem 5/Digital System Design/ALUFinal/ALUFinal/ALUFinal.srcs/sources_1/new/normalizer.v:116]
INFO: [Synth 8-155] case statement is not full and has no default [C:/Users/Agrajith/Desktop/Sem 5/Digital System Design/ALUFinal/ALUFinal/ALUFinal.srcs/sources_1/new/normalizer.v:157]
INFO: [Synth 8-155] case statement is not full and has no default [C:/Users/Agrajith/Desktop/Sem 5/Digital System Design/ALUFinal/ALUFinal/ALUFinal.srcs/sources_1/new/normalizer.v:111]
INFO: [Synth 8-6155] done synthesizing module 'normalizer' (0#1) [C:/Users/Agrajith/Desktop/Sem 5/Digital System Design/ALUFinal/ALUFinal/ALUFinal.srcs/sources_1/new/normalizer.v:4]
WARNING: [Synth 8-689] width (3) of port connection 'flags' does not match port width (2) of module 'normalizer' [C:/Users/Agrajith/Desktop/Sem 5/Digital System Design/ALUFinal/ALUFinal/ALUFinal.srcs/sources_1/new/ALU.v:123]
INFO: [Synth 8-6157] synthesizing module 'divider' [C:/Users/Agrajith/Desktop/Sem 5/Digital System Design/ALUFinal/ALUFinal/ALUFinal.srcs/sources_1/imports/ALU_Design/divider.v:1]
WARNING: [Synth 8-6090] variable 'r' is written by both blocking and non-blocking assignments, entire logic could be removed [C:/Users/Agrajith/Desktop/Sem 5/Digital System Design/ALUFinal/ALUFinal/ALUFinal.srcs/sources_1/imports/ALU_Design/divider.v:84]
INFO: [Synth 8-155] case statement is not full and has no default [C:/Users/Agrajith/Desktop/Sem 5/Digital System Design/ALUFinal/ALUFinal/ALUFinal.srcs/sources_1/imports/ALU_Design/divider.v:60]
INFO: [Synth 8-6155] done synthesizing module 'divider' (0#1) [C:/Users/Agrajith/Desktop/Sem 5/Digital System Design/ALUFinal/ALUFinal/ALUFinal.srcs/sources_1/imports/ALU_Design/divider.v:1]
INFO: [Synth 8-6157] synthesizing module 'validator' [C:/Users/Agrajith/Desktop/Sem 5/Digital System Design/ALUFinal/ALUFinal/ALUFinal.srcs/sources_1/new/validator.v:2]
INFO: [Synth 8-155] case statement is not full and has no default [C:/Users/Agrajith/Desktop/Sem 5/Digital System Design/ALUFinal/ALUFinal/ALUFinal.srcs/sources_1/new/validator.v:31]
INFO: [Synth 8-6155] done synthesizing module 'validator' (0#1) [C:/Users/Agrajith/Desktop/Sem 5/Digital System Design/ALUFinal/ALUFinal/ALUFinal.srcs/sources_1/new/validator.v:2]
INFO: [Synth 8-6157] synthesizing module 'fpMul' [C:/Users/Agrajith/Desktop/Sem 5/Digital System Design/ALUFinal/ALUFinal/ALUFinal.srcs/sources_1/imports/new/fpMul.v:1]
INFO: [Synth 8-155] case statement is not full and has no default [C:/Users/Agrajith/Desktop/Sem 5/Digital System Design/ALUFinal/ALUFinal/ALUFinal.srcs/sources_1/imports/new/fpMul.v:46]
INFO: [Synth 8-6155] done synthesizing module 'fpMul' (0#1) [C:/Users/Agrajith/Desktop/Sem 5/Digital System Design/ALUFinal/ALUFinal/ALUFinal.srcs/sources_1/imports/new/fpMul.v:1]
INFO: [Synth 8-6157] synthesizing module 'exponentAlu' [C:/Users/Agrajith/Desktop/Sem 5/Digital System Design/ALUFinal/ALUFinal/ALUFinal.srcs/sources_1/new/exponentAlu.v:1]
INFO: [Synth 8-6155] done synthesizing module 'exponentAlu' (0#1) [C:/Users/Agrajith/Desktop/Sem 5/Digital System Design/ALUFinal/ALUFinal/ALUFinal.srcs/sources_1/new/exponentAlu.v:1]
INFO: [Synth 8-155] case statement is not full and has no default [C:/Users/Agrajith/Desktop/Sem 5/Digital System Design/ALUFinal/ALUFinal/ALUFinal.srcs/sources_1/new/ALU.v:306]
WARNING: [Synth 8-6090] variable 'resetNorm' is written by both blocking and non-blocking assignments, entire logic could be removed [C:/Users/Agrajith/Desktop/Sem 5/Digital System Design/ALUFinal/ALUFinal/ALUFinal.srcs/sources_1/new/ALU.v:442]
WARNING: [Synth 8-6090] variable 'resetNorm' is written by both blocking and non-blocking assignments, entire logic could be removed [C:/Users/Agrajith/Desktop/Sem 5/Digital System Design/ALUFinal/ALUFinal/ALUFinal.srcs/sources_1/new/ALU.v:458]
INFO: [Synth 8-155] case statement is not full and has no default [C:/Users/Agrajith/Desktop/Sem 5/Digital System Design/ALUFinal/ALUFinal/ALUFinal.srcs/sources_1/new/ALU.v:387]
WARNING: [Synth 8-6090] variable 'resetNorm' is written by both blocking and non-blocking assignments, entire logic could be removed [C:/Users/Agrajith/Desktop/Sem 5/Digital System Design/ALUFinal/ALUFinal/ALUFinal.srcs/sources_1/new/ALU.v:470]
INFO: [Synth 8-155] case statement is not full and has no default [C:/Users/Agrajith/Desktop/Sem 5/Digital System Design/ALUFinal/ALUFinal/ALUFinal.srcs/sources_1/new/ALU.v:266]
INFO: [Synth 8-6155] done synthesizing module 'ALU' (0#1) [C:/Users/Agrajith/Desktop/Sem 5/Digital System Design/ALUFinal/ALUFinal/ALUFinal.srcs/sources_1/new/ALU.v:5]
INFO: [Synth 8-6155] done synthesizing module 'top_uart_alu_system' (0#1) [C:/Users/Agrajith/Desktop/Sem 5/Digital System Design/Final Integration/DemoTop.v:3]
WARNING: [Synth 8-6014] Unused sequential element i_reg was removed.  [C:/Users/Agrajith/Desktop/Sem 5/Digital System Design/ALUFinal/ALUFinal/ALUFinal.srcs/sources_1/new/encoder.v:35]
WARNING: [Synth 8-6014] Unused sequential element shift_reg was removed.  [C:/Users/Agrajith/Desktop/Sem 5/Digital System Design/ALUFinal/ALUFinal/ALUFinal.srcs/sources_1/new/encoder.v:41]
WARNING: [Synth 8-7137] Register regMan_reg in module encoder has both Set and reset with same priority. This may cause simulation mismatches. Consider rewriting code  [C:/Users/Agrajith/Desktop/Sem 5/Digital System Design/ALUFinal/ALUFinal/ALUFinal.srcs/sources_1/new/encoder.v:37]
WARNING: [Synth 8-7137] Register state_reg in module encoder has both Set and reset with same priority. This may cause simulation mismatches. Consider rewriting code  [C:/Users/Agrajith/Desktop/Sem 5/Digital System Design/ALUFinal/ALUFinal/ALUFinal.srcs/sources_1/new/encoder.v:38]
WARNING: [Synth 8-6014] Unused sequential element flagInf_reg was removed.  [C:/Users/Agrajith/Desktop/Sem 5/Digital System Design/ALUFinal/ALUFinal/ALUFinal.srcs/sources_1/new/normalizer.v:85]
WARNING: [Synth 8-6014] Unused sequential element flagZero_reg was removed.  [C:/Users/Agrajith/Desktop/Sem 5/Digital System Design/ALUFinal/ALUFinal/ALUFinal.srcs/sources_1/new/normalizer.v:86]
WARNING: [Synth 8-6014] Unused sequential element s_reg was removed.  [C:/Users/Agrajith/Desktop/Sem 5/Digital System Design/ALUFinal/ALUFinal/ALUFinal.srcs/sources_1/new/normalizer.v:88]
WARNING: [Synth 8-6014] Unused sequential element flagNan_reg was removed.  [C:/Users/Agrajith/Desktop/Sem 5/Digital System Design/ALUFinal/ALUFinal/ALUFinal.srcs/sources_1/new/normalizer.v:91]
WARNING: [Synth 8-6014] Unused sequential element shift_reg was removed.  [C:/Users/Agrajith/Desktop/Sem 5/Digital System Design/ALUFinal/ALUFinal/ALUFinal.srcs/sources_1/new/normalizer.v:94]
WARNING: [Synth 8-6014] Unused sequential element guard_reg was removed.  [C:/Users/Agrajith/Desktop/Sem 5/Digital System Design/ALUFinal/ALUFinal/ALUFinal.srcs/sources_1/new/normalizer.v:98]
WARNING: [Synth 8-6014] Unused sequential element sticky_reg was removed.  [C:/Users/Agrajith/Desktop/Sem 5/Digital System Design/ALUFinal/ALUFinal/ALUFinal.srcs/sources_1/new/normalizer.v:100]
WARNING: [Synth 8-6014] Unused sequential element temp_man_reg was removed.  [C:/Users/Agrajith/Desktop/Sem 5/Digital System Design/ALUFinal/ALUFinal/ALUFinal.srcs/sources_1/new/normalizer.v:101]
WARNING: [Synth 8-6014] Unused sequential element temp_exp_reg was removed.  [C:/Users/Agrajith/Desktop/Sem 5/Digital System Design/ALUFinal/ALUFinal/ALUFinal.srcs/sources_1/new/normalizer.v:102]
WARNING: [Synth 8-7137] Register regMan_reg in module normalizer has both Set and reset with same priority. This may cause simulation mismatches. Consider rewriting code  [C:/Users/Agrajith/Desktop/Sem 5/Digital System Design/ALUFinal/ALUFinal/ALUFinal.srcs/sources_1/new/normalizer.v:90]
WARNING: [Synth 8-7137] Register regFlag_reg in module normalizer has both Set and reset with same priority. This may cause simulation mismatches. Consider rewriting code  [C:/Users/Agrajith/Desktop/Sem 5/Digital System Design/ALUFinal/ALUFinal/ALUFinal.srcs/sources_1/new/normalizer.v:92]
WARNING: [Synth 8-7137] Register encEn_reg in module normalizer has both Set and reset with same priority. This may cause simulation mismatches. Consider rewriting code  [C:/Users/Agrajith/Desktop/Sem 5/Digital System Design/ALUFinal/ALUFinal/ALUFinal.srcs/sources_1/new/normalizer.v:61]
WARNING: [Synth 8-7137] Register exceptionFlags_reg in module normalizer has both Set and reset with same priority. This may cause simulation mismatches. Consider rewriting code  [C:/Users/Agrajith/Desktop/Sem 5/Digital System Design/ALUFinal/ALUFinal/ALUFinal.srcs/sources_1/new/normalizer.v:97]
WARNING: [Synth 8-6014] Unused sequential element r_next_reg was removed.  [C:/Users/Agrajith/Desktop/Sem 5/Digital System Design/ALUFinal/ALUFinal/ALUFinal.srcs/sources_1/imports/ALU_Design/divider.v:39]
WARNING: [Synth 8-6014] Unused sequential element value_reg was removed.  [C:/Users/Agrajith/Desktop/Sem 5/Digital System Design/ALUFinal/ALUFinal/ALUFinal.srcs/sources_1/imports/ALU_Design/divider.v:44]
WARNING: [Synth 8-7137] Register validity_reg in module validator has both Set and reset with same priority. This may cause simulation mismatches. Consider rewriting code  [C:/Users/Agrajith/Desktop/Sem 5/Digital System Design/ALUFinal/ALUFinal/ALUFinal.srcs/sources_1/new/validator.v:22]
WARNING: [Synth 8-6014] Unused sequential element expSum_reg was removed.  [C:/Users/Agrajith/Desktop/Sem 5/Digital System Design/ALUFinal/ALUFinal/ALUFinal.srcs/sources_1/imports/new/fpMul.v:32]
WARNING: [Synth 8-6014] Unused sequential element flag_reg was removed.  [C:/Users/Agrajith/Desktop/Sem 5/Digital System Design/ALUFinal/ALUFinal/ALUFinal.srcs/sources_1/imports/new/fpMul.v:36]
WARNING: [Synth 8-7137] Register finVal_reg in module fpMul has both Set and reset with same priority. This may cause simulation mismatches. Consider rewriting code  [C:/Users/Agrajith/Desktop/Sem 5/Digital System Design/ALUFinal/ALUFinal/ALUFinal.srcs/sources_1/imports/new/fpMul.v:33]
WARNING: [Synth 8-7137] Register state_reg in module fpMul has both Set and reset with same priority. This may cause simulation mismatches. Consider rewriting code  [C:/Users/Agrajith/Desktop/Sem 5/Digital System Design/ALUFinal/ALUFinal/ALUFinal.srcs/sources_1/imports/new/fpMul.v:35]
WARNING: [Synth 8-7137] Register temp_reg in module fpMul has both Set and reset with same priority. This may cause simulation mismatches. Consider rewriting code  [C:/Users/Agrajith/Desktop/Sem 5/Digital System Design/ALUFinal/ALUFinal/ALUFinal.srcs/sources_1/imports/new/fpMul.v:50]
WARNING: [Synth 8-7137] Register state_reg in module ALU has both Set and reset with same priority. This may cause simulation mismatches. Consider rewriting code  [C:/Users/Agrajith/Desktop/Sem 5/Digital System Design/ALUFinal/ALUFinal/ALUFinal.srcs/sources_1/new/ALU.v:232]
WARNING: [Synth 8-7137] Register value_reg in module ALU has both Set and reset with same priority. This may cause simulation mismatches. Consider rewriting code  [C:/Users/Agrajith/Desktop/Sem 5/Digital System Design/ALUFinal/ALUFinal/ALUFinal.srcs/sources_1/new/ALU.v:241]
WARNING: [Synth 8-7137] Register resetNorm_reg in module ALU has both Set and reset with same priority. This may cause simulation mismatches. Consider rewriting code  [C:/Users/Agrajith/Desktop/Sem 5/Digital System Design/ALUFinal/ALUFinal/ALUFinal.srcs/sources_1/new/ALU.v:114]
WARNING: [Synth 8-7137] Register excessExps_reg in module ALU has both Set and reset with same priority. This may cause simulation mismatches. Consider rewriting code  [C:/Users/Agrajith/Desktop/Sem 5/Digital System Design/ALUFinal/ALUFinal/ALUFinal.srcs/sources_1/new/ALU.v:120]
WARNING: [Synth 8-7137] Register enNorm_reg in module ALU has both Set and reset with same priority. This may cause simulation mismatches. Consider rewriting code  [C:/Users/Agrajith/Desktop/Sem 5/Digital System Design/ALUFinal/ALUFinal/ALUFinal.srcs/sources_1/new/ALU.v:122]
WARNING: [Synth 8-7137] Register regMan_reg in module ALU has both Set and reset with same priority. This may cause simulation mismatches. Consider rewriting code  [C:/Users/Agrajith/Desktop/Sem 5/Digital System Design/ALUFinal/ALUFinal/ALUFinal.srcs/sources_1/new/ALU.v:121]
WARNING: [Synth 8-7137] Register signA_reg in module ALU has both Set and reset with same priority. This may cause simulation mismatches. Consider rewriting code  [C:/Users/Agrajith/Desktop/Sem 5/Digital System Design/ALUFinal/ALUFinal/ALUFinal.srcs/sources_1/new/ALU.v:118]
WARNING: [Synth 8-7137] Register signB_reg in module ALU has both Set and reset with same priority. This may cause simulation mismatches. Consider rewriting code  [C:/Users/Agrajith/Desktop/Sem 5/Digital System Design/ALUFinal/ALUFinal/ALUFinal.srcs/sources_1/new/ALU.v:119]
WARNING: [Synth 8-7137] Register divA_reg in module ALU has both Set and reset with same priority. This may cause simulation mismatches. Consider rewriting code  [C:/Users/Agrajith/Desktop/Sem 5/Digital System Design/ALUFinal/ALUFinal/ALUFinal.srcs/sources_1/new/ALU.v:133]
WARNING: [Synth 8-7137] Register divB_reg in module ALU has both Set and reset with same priority. This may cause simulation mismatches. Consider rewriting code  [C:/Users/Agrajith/Desktop/Sem 5/Digital System Design/ALUFinal/ALUFinal/ALUFinal.srcs/sources_1/new/ALU.v:134]
WARNING: [Synth 8-7129] Port clk in module exponentAlu is either unconnected or has no load
WARNING: [Synth 8-7129] Port expA[7] in module fpMul is either unconnected or has no load
WARNING: [Synth 8-7129] Port expA[6] in module fpMul is either unconnected or has no load
WARNING: [Synth 8-7129] Port expA[5] in module fpMul is either unconnected or has no load
WARNING: [Synth 8-7129] Port expA[4] in module fpMul is either unconnected or has no load
WARNING: [Synth 8-7129] Port expA[3] in module fpMul is either unconnected or has no load
WARNING: [Synth 8-7129] Port expA[2] in module fpMul is either unconnected or has no load
WARNING: [Synth 8-7129] Port expA[1] in module fpMul is either unconnected or has no load
WARNING: [Synth 8-7129] Port expA[0] in module fpMul is either unconnected or has no load
WARNING: [Synth 8-7129] Port expB[7] in module fpMul is either unconnected or has no load
WARNING: [Synth 8-7129] Port expB[6] in module fpMul is either unconnected or has no load
WARNING: [Synth 8-7129] Port expB[5] in module fpMul is either unconnected or has no load
WARNING: [Synth 8-7129] Port expB[4] in module fpMul is either unconnected or has no load
WARNING: [Synth 8-7129] Port expB[3] in module fpMul is either unconnected or has no load
WARNING: [Synth 8-7129] Port expB[2] in module fpMul is either unconnected or has no load
WARNING: [Synth 8-7129] Port expB[1] in module fpMul is either unconnected or has no load
WARNING: [Synth 8-7129] Port expB[0] in module fpMul is either unconnected or has no load
WARNING: [Synth 8-7129] Port clk in module validator is either unconnected or has no load
WARNING: [Synth 8-7129] Port buff[31] in module decoder is either unconnected or has no load
WARNING: [Synth 8-7129] Port clk in module decoder is either unconnected or has no load
---------------------------------------------------------------------------------
Finished RTL Elaboration : Time (s): cpu = 00:00:06 ; elapsed = 00:00:07 . Memory (MB): peak = 1387.910 ; gain = 627.652
---------------------------------------------------------------------------------
---------------------------------------------------------------------------------
Start Handling Custom Attributes
---------------------------------------------------------------------------------
---------------------------------------------------------------------------------
Finished Handling Custom Attributes : Time (s): cpu = 00:00:06 ; elapsed = 00:00:07 . Memory (MB): peak = 1387.910 ; gain = 627.652
---------------------------------------------------------------------------------
---------------------------------------------------------------------------------
Finished RTL Optimization Phase 1 : Time (s): cpu = 00:00:06 ; elapsed = 00:00:07 . Memory (MB): peak = 1387.910 ; gain = 627.652
---------------------------------------------------------------------------------
Netlist sorting complete. Time (s): cpu = 00:00:00 ; elapsed = 00:00:00.034 . Memory (MB): peak = 1387.910 ; gain = 0.000
INFO: [Project 1-570] Preparing netlist for logic optimization

Processing XDC Constraints
Initializing timing engine
Parsing XDC File [C:/Users/Agrajith/Desktop/Sem 5/Digital System Design/ALUFinal/ALUFinal/ALUFinal.srcs/constrs_1/new/phy.xdc]
Finished Parsing XDC File [C:/Users/Agrajith/Desktop/Sem 5/Digital System Design/ALUFinal/ALUFinal/ALUFinal.srcs/constrs_1/new/phy.xdc]
INFO: [Project 1-236] Implementation specific constraints were found while reading constraint file [C:/Users/Agrajith/Desktop/Sem 5/Digital System Design/ALUFinal/ALUFinal/ALUFinal.srcs/constrs_1/new/phy.xdc]. These constraints will be ignored for synthesis but will be used in implementation. Impacted constraints are listed in the file [.Xil/top_uart_alu_system_propImpl.xdc].
Resolution: To avoid this warning, move constraints listed in [.Xil/top_uart_alu_system_propImpl.xdc] to another XDC file and exclude this new file from synthesis with the used_in_synthesis property (File Properties dialog in GUI) and re-run elaboration/synthesis.
Completed Processing XDC Constraints

Netlist sorting complete. Time (s): cpu = 00:00:00 ; elapsed = 00:00:00.001 . Memory (MB): peak = 1428.289 ; gain = 0.000
INFO: [Project 1-111] Unisim Transformation Summary:
No Unisim elements were transformed.

Constraint Validation Runtime : Time (s): cpu = 00:00:00 ; elapsed = 00:00:00.007 . Memory (MB): peak = 1428.289 ; gain = 0.000
INFO: [Designutils 20-5440] No compile time benefit to using incremental synthesis; A full resynthesis will be run
INFO: [Designutils 20-4379] Flow is switching to default flow due to incremental criteria not met. If you would like to alter this behaviour and have the flow terminate instead, please set the following parameter config_implementation {autoIncr.Synth.RejectBehavior Terminate}
---------------------------------------------------------------------------------
Finished Constraint Validation : Time (s): cpu = 00:00:13 ; elapsed = 00:00:15 . Memory (MB): peak = 1428.289 ; gain = 668.031
---------------------------------------------------------------------------------
---------------------------------------------------------------------------------
Start Loading Part and Timing Information
---------------------------------------------------------------------------------
Loading part: xc7z010clg400-1
---------------------------------------------------------------------------------
Finished Loading Part and Timing Information : Time (s): cpu = 00:00:13 ; elapsed = 00:00:15 . Memory (MB): peak = 1428.289 ; gain = 668.031
---------------------------------------------------------------------------------
---------------------------------------------------------------------------------
Start Applying 'set_property' XDC Constraints
---------------------------------------------------------------------------------
---------------------------------------------------------------------------------
Finished applying 'set_property' XDC Constraints : Time (s): cpu = 00:00:13 ; elapsed = 00:00:15 . Memory (MB): peak = 1428.289 ; gain = 668.031
---------------------------------------------------------------------------------
INFO: [Synth 8-802] inferred FSM for state register 'r_SM_Main_reg' in module 'receiver'
INFO: [Synth 8-802] inferred FSM for state register 'r_SM_Main_reg' in module 'transmitter'
INFO: [Synth 8-802] inferred FSM for state register 'state_reg' in module 'divider'
INFO: [Synth 8-802] inferred FSM for state register 'state_reg' in module 'top_uart_alu_system'
---------------------------------------------------------------------------------------------------
                   State |                     New Encoding |                Previous Encoding 
---------------------------------------------------------------------------------------------------
                  s_IDLE |                            00001 |                              000
          s_RX_START_BIT |                            00010 |                              001
          s_RX_DATA_BITS |                            00100 |                              010
           s_RX_STOP_BIT |                            01000 |                              011
               s_CLEANUP |                            10000 |                              100
---------------------------------------------------------------------------------------------------
INFO: [Synth 8-3354] encoded FSM with state register 'r_SM_Main_reg' using encoding 'one-hot' in module 'receiver'
WARNING: [Synth 8-12595] Onehot encoded FSM with state register 'r_SM_Main_reg' is not having reset. This may cause incorrect behavior. User should consider using FSM_SAFE_STATE attribute on the register
---------------------------------------------------------------------------------------------------
                   State |                     New Encoding |                Previous Encoding 
---------------------------------------------------------------------------------------------------
                  s_IDLE |                              000 |                              000
          s_TX_START_BIT |                              001 |                              001
          s_TX_DATA_BITS |                              010 |                              010
           s_TX_STOP_BIT |                              011 |                              011
             s_NEXT_BYTE |                              100 |                              100
---------------------------------------------------------------------------------------------------
INFO: [Synth 8-3354] encoded FSM with state register 'r_SM_Main_reg' using encoding 'sequential' in module 'transmitter'
WARNING: [Synth 8-327] inferring latch for variable 'regValid_reg' [C:/Users/Agrajith/Desktop/Sem 5/Digital System Design/ALUFinal/ALUFinal/ALUFinal.srcs/sources_1/new/decoder.v:33]
WARNING: [Synth 8-327] inferring latch for variable 'regMan_reg' [C:/Users/Agrajith/Desktop/Sem 5/Digital System Design/ALUFinal/ALUFinal/ALUFinal.srcs/sources_1/new/decoder.v:30]
WARNING: [Synth 8-327] inferring latch for variable 'exp_reg' [C:/Users/Agrajith/Desktop/Sem 5/Digital System Design/ALUFinal/ALUFinal/ALUFinal.srcs/sources_1/new/decoder.v:29]
WARNING: [Synth 8-327] inferring latch for variable 'zero_reg' [C:/Users/Agrajith/Desktop/Sem 5/Digital System Design/ALUFinal/ALUFinal/ALUFinal.srcs/sources_1/new/decoder.v:34]
---------------------------------------------------------------------------------------------------
                   State |                     New Encoding |                Previous Encoding 
---------------------------------------------------------------------------------------------------
                  iSTATE |                              001 |                              000
                 iSTATE0 |                              010 |                              001
                 iSTATE1 |                              100 |                              011
---------------------------------------------------------------------------------------------------
INFO: [Synth 8-3354] encoded FSM with state register 'state_reg' using encoding 'one-hot' in module 'divider'
WARNING: [Synth 8-327] inferring latch for variable 'opfin_reg' [C:/Users/Agrajith/Desktop/Sem 5/Digital System Design/ALUFinal/ALUFinal/ALUFinal.srcs/sources_1/new/exponentAlu.v:54]
WARNING: [Synth 8-327] inferring latch for variable 'expMax_reg' [C:/Users/Agrajith/Desktop/Sem 5/Digital System Design/ALUFinal/ALUFinal/ALUFinal.srcs/sources_1/new/exponentAlu.v:50]
WARNING: [Synth 8-327] inferring latch for variable 'add_reg' [C:/Users/Agrajith/Desktop/Sem 5/Digital System Design/ALUFinal/ALUFinal/ALUFinal.srcs/sources_1/new/exponentAlu.v:112]
WARNING: [Synth 8-327] inferring latch for variable 'sign_reg' [C:/Users/Agrajith/Desktop/Sem 5/Digital System Design/ALUFinal/ALUFinal/ALUFinal.srcs/sources_1/new/exponentAlu.v:52]
---------------------------------------------------------------------------------------------------
                   State |                     New Encoding |                Previous Encoding 
---------------------------------------------------------------------------------------------------
                  S_IDLE |                             0000 |                             0000
                S_WAIT_B |                             0001 |                             0001
               S_WAIT_OP |                             0010 |                             0010
            S_CALC_START |                             0011 |                             0011
             S_CALC_WAIT |                             0100 |                             0100
              S_TX_START |                             0101 |                             0101
           S_WAIT_RESULT |                             0110 |                             0110
               S_TX_EXCP |                             0111 |                             0111
             S_WAIT_EXCP |                             1000 |                             1000
---------------------------------------------------------------------------------------------------
INFO: [Synth 8-3354] encoded FSM with state register 'state_reg' using encoding 'sequential' in module 'top_uart_alu_system'
---------------------------------------------------------------------------------
Finished RTL Optimization Phase 2 : Time (s): cpu = 00:00:15 ; elapsed = 00:00:17 . Memory (MB): peak = 1428.289 ; gain = 668.031
---------------------------------------------------------------------------------
---------------------------------------------------------------------------------
Start RTL Component Statistics 
---------------------------------------------------------------------------------
Detailed RTL Component Info : 
+---Adders : 
	   2 Input   75 Bit       Adders := 1     
	   2 Input   49 Bit       Adders := 3     
	   2 Input   32 Bit       Adders := 2     
	   2 Input   26 Bit       Adders := 2     
	   3 Input   25 Bit       Adders := 1     
	   2 Input   25 Bit       Adders := 3     
	   2 Input   24 Bit       Adders := 2     
	   2 Input   23 Bit       Adders := 1     
	   2 Input    9 Bit       Adders := 4     
	   4 Input    9 Bit       Adders := 2     
	   3 Input    9 Bit       Adders := 2     
	   2 Input    8 Bit       Adders := 5     
	   2 Input    7 Bit       Adders := 1     
	   2 Input    6 Bit       Adders := 1     
	   2 Input    5 Bit       Adders := 2     
	   2 Input    4 Bit       Adders := 1     
	   2 Input    3 Bit       Adders := 2     
	   2 Input    2 Bit       Adders := 2     
+---XORs : 
	   2 Input      1 Bit         XORs := 1     
+---Registers : 
	               75 Bit    Registers := 1     
	               49 Bit    Registers := 3     
	               32 Bit    Registers := 8     
	               25 Bit    Registers := 5     
	               24 Bit    Registers := 5     
	               23 Bit    Registers := 1     
	                9 Bit    Registers := 4     
	                8 Bit    Registers := 9     
	                7 Bit    Registers := 1     
	                6 Bit    Registers := 1     
	                5 Bit    Registers := 3     
	                4 Bit    Registers := 2     
	                3 Bit    Registers := 7     
	                2 Bit    Registers := 6     
	                1 Bit    Registers := 32    
+---Muxes : 
	   3 Input   75 Bit        Muxes := 1     
	   4 Input   49 Bit        Muxes := 3     
	   2 Input   49 Bit        Muxes := 10    
	   8 Input   49 Bit        Muxes := 1     
	   4 Input   32 Bit        Muxes := 1     
	   5 Input   32 Bit        Muxes := 1     
	   2 Input   32 Bit        Muxes := 2     
	   8 Input   32 Bit        Muxes := 1     
	   9 Input   32 Bit        Muxes := 1     
	   2 Input   26 Bit        Muxes := 1     
	   2 Input   25 Bit        Muxes := 9     
	   3 Input   25 Bit        Muxes := 1     
	   2 Input   24 Bit        Muxes := 5     
	   4 Input   24 Bit        Muxes := 2     
	   5 Input   24 Bit        Muxes := 1     
	   2 Input   23 Bit        Muxes := 3     
	   5 Input   23 Bit        Muxes := 1     
	   2 Input    9 Bit        Muxes := 8     
	   4 Input    9 Bit        Muxes := 3     
	   5 Input    9 Bit        Muxes := 1     
	   8 Input    9 Bit        Muxes := 1     
	   5 Input    8 Bit        Muxes := 4     
	   4 Input    8 Bit        Muxes := 1     
	   2 Input    8 Bit        Muxes := 2     
	   5 Input    5 Bit        Muxes := 3     
	   2 Input    5 Bit        Muxes := 18    
	   2 Input    4 Bit        Muxes := 1     
	   9 Input    4 Bit        Muxes := 2     
	   2 Input    3 Bit        Muxes := 25    
	   5 Input    3 Bit        Muxes := 7     
	   4 Input    3 Bit        Muxes := 5     
	   7 Input    3 Bit        Muxes := 1     
	   3 Input    3 Bit        Muxes := 1     
	   8 Input    3 Bit        Muxes := 2     
	   2 Input    2 Bit        Muxes := 32    
	   4 Input    2 Bit        Muxes := 11    
	   5 Input    2 Bit        Muxes := 1     
	   3 Input    2 Bit        Muxes := 2     
	   2 Input    1 Bit        Muxes := 168   
	   5 Input    1 Bit        Muxes := 23    
	   4 Input    1 Bit        Muxes := 30    
	   7 Input    1 Bit        Muxes := 4     
	   9 Input    1 Bit        Muxes := 10    
	   3 Input    1 Bit        Muxes := 5     
	   8 Input    1 Bit        Muxes := 24    
	  10 Input    1 Bit        Muxes := 1     
---------------------------------------------------------------------------------
Finished RTL Component Statistics 
---------------------------------------------------------------------------------
---------------------------------------------------------------------------------
Start Part Resource Summary
---------------------------------------------------------------------------------
Part Resources:
DSPs: 80 (col length:40)
BRAMs: 120 (col length: RAMB18 40 RAMB36 20)
---------------------------------------------------------------------------------
Finished Part Resource Summary
---------------------------------------------------------------------------------
---------------------------------------------------------------------------------
Start Cross Boundary and Area Optimization
---------------------------------------------------------------------------------
WARNING: [Synth 8-7080] Parallel synthesis criteria is not met
WARNING: [Synth 8-7129] Port clk in module exponentAlu is either unconnected or has no load
WARNING: [Synth 8-7129] Port expA[7] in module fpMul is either unconnected or has no load
WARNING: [Synth 8-7129] Port expA[6] in module fpMul is either unconnected or has no load
WARNING: [Synth 8-7129] Port expA[5] in module fpMul is either unconnected or has no load
WARNING: [Synth 8-7129] Port expA[4] in module fpMul is either unconnected or has no load
WARNING: [Synth 8-7129] Port expA[3] in module fpMul is either unconnected or has no load
WARNING: [Synth 8-7129] Port expA[2] in module fpMul is either unconnected or has no load
WARNING: [Synth 8-7129] Port expA[1] in module fpMul is either unconnected or has no load
WARNING: [Synth 8-7129] Port expA[0] in module fpMul is either unconnected or has no load
WARNING: [Synth 8-7129] Port expB[7] in module fpMul is either unconnected or has no load
WARNING: [Synth 8-7129] Port expB[6] in module fpMul is either unconnected or has no load
WARNING: [Synth 8-7129] Port expB[5] in module fpMul is either unconnected or has no load
WARNING: [Synth 8-7129] Port expB[4] in module fpMul is either unconnected or has no load
WARNING: [Synth 8-7129] Port expB[3] in module fpMul is either unconnected or has no load
WARNING: [Synth 8-7129] Port expB[2] in module fpMul is either unconnected or has no load
WARNING: [Synth 8-7129] Port expB[1] in module fpMul is either unconnected or has no load
WARNING: [Synth 8-7129] Port expB[0] in module fpMul is either unconnected or has no load
WARNING: [Synth 8-7129] Port clk in module validator is either unconnected or has no load
WARNING: [Synth 8-7129] Port buff[31] in module decoder is either unconnected or has no load
WARNING: [Synth 8-7129] Port clk in module decoder is either unconnected or has no load
WARNING: [Synth 8-3332] Sequential element (expMax_reg[8]) is unused and will be removed from module exponentAlu.
WARNING: [Synth 8-3332] Sequential element (add_reg[25]) is unused and will be removed from module exponentAlu.
---------------------------------------------------------------------------------
Finished Cross Boundary and Area Optimization : Time (s): cpu = 00:00:30 ; elapsed = 00:00:32 . Memory (MB): peak = 1586.598 ; gain = 826.340
---------------------------------------------------------------------------------
---------------------------------------------------------------------------------
Start Applying XDC Timing Constraints
---------------------------------------------------------------------------------
---------------------------------------------------------------------------------
Finished Applying XDC Timing Constraints : Time (s): cpu = 00:00:36 ; elapsed = 00:00:39 . Memory (MB): peak = 1598.895 ; gain = 838.637
---------------------------------------------------------------------------------
---------------------------------------------------------------------------------
Start Timing Optimization
---------------------------------------------------------------------------------
---------------------------------------------------------------------------------
Finished Timing Optimization : Time (s): cpu = 00:00:37 ; elapsed = 00:00:40 . Memory (MB): peak = 1623.000 ; gain = 862.742
---------------------------------------------------------------------------------
---------------------------------------------------------------------------------
Start Technology Mapping
---------------------------------------------------------------------------------
WARNING: [Synth 8-3332] Sequential element (dut/myNorm/enc/state_reg[1]_LDC) is unused and will be removed from module top_uart_alu_system.
WARNING: [Synth 8-3332] Sequential element (dut/myNorm/enc/regMan_reg[23]_LDC) is unused and will be removed from module top_uart_alu_system.
WARNING: [Synth 8-3332] Sequential element (dut/myNorm/enc/regMan_reg[22]_LDC) is unused and will be removed from module top_uart_alu_system.
WARNING: [Synth 8-3332] Sequential element (dut/myNorm/enc/regMan_reg[21]_LDC) is unused and will be removed from module top_uart_alu_system.
WARNING: [Synth 8-3332] Sequential element (dut/myNorm/enc/regMan_reg[20]_LDC) is unused and will be removed from module top_uart_alu_system.
WARNING: [Synth 8-3332] Sequential element (dut/myNorm/enc/regMan_reg[19]_LDC) is unused and will be removed from module top_uart_alu_system.
WARNING: [Synth 8-3332] Sequential element (dut/myNorm/enc/regMan_reg[18]_LDC) is unused and will be removed from module top_uart_alu_system.
WARNING: [Synth 8-3332] Sequential element (dut/myNorm/enc/regMan_reg[17]_LDC) is unused and will be removed from module top_uart_alu_system.
WARNING: [Synth 8-3332] Sequential element (dut/myNorm/enc/regMan_reg[16]_LDC) is unused and will be removed from module top_uart_alu_system.
WARNING: [Synth 8-3332] Sequential element (dut/myNorm/enc/regMan_reg[15]_LDC) is unused and will be removed from module top_uart_alu_system.
WARNING: [Synth 8-3332] Sequential element (dut/myNorm/enc/regMan_reg[14]_LDC) is unused and will be removed from module top_uart_alu_system.
WARNING: [Synth 8-3332] Sequential element (dut/myNorm/enc/regMan_reg[13]_LDC) is unused and will be removed from module top_uart_alu_system.
WARNING: [Synth 8-3332] Sequential element (dut/myNorm/enc/regMan_reg[12]_LDC) is unused and will be removed from module top_uart_alu_system.
WARNING: [Synth 8-3332] Sequential element (dut/myNorm/enc/regMan_reg[11]_LDC) is unused and will be removed from module top_uart_alu_system.
WARNING: [Synth 8-3332] Sequential element (dut/myNorm/enc/regMan_reg[10]_LDC) is unused and will be removed from module top_uart_alu_system.
WARNING: [Synth 8-3332] Sequential element (dut/myNorm/enc/regMan_reg[9]_LDC) is unused and will be removed from module top_uart_alu_system.
WARNING: [Synth 8-3332] Sequential element (dut/myNorm/enc/regMan_reg[8]_LDC) is unused and will be removed from module top_uart_alu_system.
WARNING: [Synth 8-3332] Sequential element (dut/myNorm/enc/regMan_reg[7]_LDC) is unused and will be removed from module top_uart_alu_system.
WARNING: [Synth 8-3332] Sequential element (dut/myNorm/enc/regMan_reg[6]_LDC) is unused and will be removed from module top_uart_alu_system.
WARNING: [Synth 8-3332] Sequential element (dut/myNorm/enc/regMan_reg[5]_LDC) is unused and will be removed from module top_uart_alu_system.
WARNING: [Synth 8-3332] Sequential element (dut/myNorm/enc/regMan_reg[4]_LDC) is unused and will be removed from module top_uart_alu_system.
WARNING: [Synth 8-3332] Sequential element (dut/myNorm/enc/regMan_reg[3]_LDC) is unused and will be removed from module top_uart_alu_system.
WARNING: [Synth 8-3332] Sequential element (dut/myNorm/enc/regMan_reg[2]_LDC) is unused and will be removed from module top_uart_alu_system.
WARNING: [Synth 8-3332] Sequential element (dut/myNorm/enc/regMan_reg[1]_LDC) is unused and will be removed from module top_uart_alu_system.
WARNING: [Synth 8-3332] Sequential element (dut/myNorm/enc/regMan_reg[0]_LDC) is unused and will be removed from module top_uart_alu_system.
WARNING: [Synth 8-3332] Sequential element (dut/myNorm/exceptionFlags_reg[0]_LDC) is unused and will be removed from module top_uart_alu_system.
WARNING: [Synth 8-3332] Sequential element (dut/state_reg[2]_LDC) is unused and will be removed from module top_uart_alu_system.
WARNING: [Synth 8-3332] Sequential element (dut/state_reg[1]_LDC) is unused and will be removed from module top_uart_alu_system.
WARNING: [Synth 8-3332] Sequential element (dut/state_reg[0]_LDC) is unused and will be removed from module top_uart_alu_system.
WARNING: [Synth 8-3332] Sequential element (dut/signA_reg_LDC) is unused and will be removed from module top_uart_alu_system.
WARNING: [Synth 8-3332] Sequential element (dut/signB_reg_LDC) is unused and will be removed from module top_uart_alu_system.
WARNING: [Synth 8-3332] Sequential element (dut/excessExps_reg[7]_LDC) is unused and will be removed from module top_uart_alu_system.
WARNING: [Synth 8-3332] Sequential element (dut/excessExps_reg[6]_LDC) is unused and will be removed from module top_uart_alu_system.
WARNING: [Synth 8-3332] Sequential element (dut/excessExps_reg[5]_LDC) is unused and will be removed from module top_uart_alu_system.
WARNING: [Synth 8-3332] Sequential element (dut/excessExps_reg[4]_LDC) is unused and will be removed from module top_uart_alu_system.
WARNING: [Synth 8-3332] Sequential element (dut/excessExps_reg[3]_LDC) is unused and will be removed from module top_uart_alu_system.
WARNING: [Synth 8-3332] Sequential element (dut/excessExps_reg[2]_LDC) is unused and will be removed from module top_uart_alu_system.
WARNING: [Synth 8-3332] Sequential element (dut/excessExps_reg[1]_LDC) is unused and will be removed from module top_uart_alu_system.
WARNING: [Synth 8-3332] Sequential element (dut/excessExps_reg[0]_LDC) is unused and will be removed from module top_uart_alu_system.
WARNING: [Synth 8-3332] Sequential element (dut/regMan_reg[24]_LDC) is unused and will be removed from module top_uart_alu_system.
WARNING: [Synth 8-3332] Sequential element (dut/regMan_reg[23]_LDC) is unused and will be removed from module top_uart_alu_system.
WARNING: [Synth 8-3332] Sequential element (dut/regMan_reg[22]_LDC) is unused and will be removed from module top_uart_alu_system.
WARNING: [Synth 8-3332] Sequential element (dut/regMan_reg[21]_LDC) is unused and will be removed from module top_uart_alu_system.
WARNING: [Synth 8-3332] Sequential element (dut/regMan_reg[20]_LDC) is unused and will be removed from module top_uart_alu_system.
WARNING: [Synth 8-3332] Sequential element (dut/regMan_reg[19]_LDC) is unused and will be removed from module top_uart_alu_system.
WARNING: [Synth 8-3332] Sequential element (dut/regMan_reg[18]_LDC) is unused and will be removed from module top_uart_alu_system.
WARNING: [Synth 8-3332] Sequential element (dut/regMan_reg[17]_LDC) is unused and will be removed from module top_uart_alu_system.
WARNING: [Synth 8-3332] Sequential element (dut/regMan_reg[16]_LDC) is unused and will be removed from module top_uart_alu_system.
WARNING: [Synth 8-3332] Sequential element (dut/regMan_reg[15]_LDC) is unused and will be removed from module top_uart_alu_system.
WARNING: [Synth 8-3332] Sequential element (dut/regMan_reg[14]_LDC) is unused and will be removed from module top_uart_alu_system.
WARNING: [Synth 8-3332] Sequential element (dut/regMan_reg[13]_LDC) is unused and will be removed from module top_uart_alu_system.
WARNING: [Synth 8-3332] Sequential element (dut/regMan_reg[12]_LDC) is unused and will be removed from module top_uart_alu_system.
WARNING: [Synth 8-3332] Sequential element (dut/regMan_reg[11]_LDC) is unused and will be removed from module top_uart_alu_system.
WARNING: [Synth 8-3332] Sequential element (dut/regMan_reg[10]_LDC) is unused and will be removed from module top_uart_alu_system.
WARNING: [Synth 8-3332] Sequential element (dut/regMan_reg[9]_LDC) is unused and will be removed from module top_uart_alu_system.
WARNING: [Synth 8-3332] Sequential element (dut/regMan_reg[8]_LDC) is unused and will be removed from module top_uart_alu_system.
WARNING: [Synth 8-3332] Sequential element (dut/regMan_reg[7]_LDC) is unused and will be removed from module top_uart_alu_system.
WARNING: [Synth 8-3332] Sequential element (dut/regMan_reg[6]_LDC) is unused and will be removed from module top_uart_alu_system.
WARNING: [Synth 8-3332] Sequential element (dut/regMan_reg[5]_LDC) is unused and will be removed from module top_uart_alu_system.
WARNING: [Synth 8-3332] Sequential element (dut/regMan_reg[4]_LDC) is unused and will be removed from module top_uart_alu_system.
WARNING: [Synth 8-3332] Sequential element (dut/regMan_reg[3]_LDC) is unused and will be removed from module top_uart_alu_system.
WARNING: [Synth 8-3332] Sequential element (dut/regMan_reg[2]_LDC) is unused and will be removed from module top_uart_alu_system.
WARNING: [Synth 8-3332] Sequential element (dut/regMan_reg[1]_LDC) is unused and will be removed from module top_uart_alu_system.
WARNING: [Synth 8-3332] Sequential element (dut/regMan_reg[0]_LDC) is unused and will be removed from module top_uart_alu_system.
WARNING: [Synth 8-3332] Sequential element (dut/myNorm/enc/state_reg[1]_P) is unused and will be removed from module top_uart_alu_system.
WARNING: [Synth 8-3332] Sequential element (dut/myNorm/enc/regMan_reg[23]_P) is unused and will be removed from module top_uart_alu_system.
WARNING: [Synth 8-3332] Sequential element (dut/myNorm/enc/regMan_reg[22]_P) is unused and will be removed from module top_uart_alu_system.
WARNING: [Synth 8-3332] Sequential element (dut/myNorm/enc/regMan_reg[21]_P) is unused and will be removed from module top_uart_alu_system.
WARNING: [Synth 8-3332] Sequential element (dut/myNorm/enc/regMan_reg[20]_P) is unused and will be removed from module top_uart_alu_system.
WARNING: [Synth 8-3332] Sequential element (dut/myNorm/enc/regMan_reg[19]_P) is unused and will be removed from module top_uart_alu_system.
WARNING: [Synth 8-3332] Sequential element (dut/myNorm/enc/regMan_reg[18]_P) is unused and will be removed from module top_uart_alu_system.
WARNING: [Synth 8-3332] Sequential element (dut/myNorm/enc/regMan_reg[17]_P) is unused and will be removed from module top_uart_alu_system.
WARNING: [Synth 8-3332] Sequential element (dut/myNorm/enc/regMan_reg[16]_P) is unused and will be removed from module top_uart_alu_system.
WARNING: [Synth 8-3332] Sequential element (dut/myNorm/enc/regMan_reg[15]_P) is unused and will be removed from module top_uart_alu_system.
WARNING: [Synth 8-3332] Sequential element (dut/myNorm/enc/regMan_reg[14]_P) is unused and will be removed from module top_uart_alu_system.
WARNING: [Synth 8-3332] Sequential element (dut/myNorm/enc/regMan_reg[13]_P) is unused and will be removed from module top_uart_alu_system.
WARNING: [Synth 8-3332] Sequential element (dut/myNorm/enc/regMan_reg[12]_P) is unused and will be removed from module top_uart_alu_system.
WARNING: [Synth 8-3332] Sequential element (dut/myNorm/enc/regMan_reg[11]_P) is unused and will be removed from module top_uart_alu_system.
WARNING: [Synth 8-3332] Sequential element (dut/myNorm/enc/regMan_reg[10]_P) is unused and will be removed from module top_uart_alu_system.
WARNING: [Synth 8-3332] Sequential element (dut/myNorm/enc/regMan_reg[9]_P) is unused and will be removed from module top_uart_alu_system.
WARNING: [Synth 8-3332] Sequential element (dut/myNorm/enc/regMan_reg[8]_P) is unused and will be removed from module top_uart_alu_system.
WARNING: [Synth 8-3332] Sequential element (dut/myNorm/enc/regMan_reg[7]_P) is unused and will be removed from module top_uart_alu_system.
WARNING: [Synth 8-3332] Sequential element (dut/myNorm/enc/regMan_reg[6]_P) is unused and will be removed from module top_uart_alu_system.
WARNING: [Synth 8-3332] Sequential element (dut/myNorm/enc/regMan_reg[5]_P) is unused and will be removed from module top_uart_alu_system.
WARNING: [Synth 8-3332] Sequential element (dut/myNorm/enc/regMan_reg[4]_P) is unused and will be removed from module top_uart_alu_system.
WARNING: [Synth 8-3332] Sequential element (dut/myNorm/enc/regMan_reg[3]_P) is unused and will be removed from module top_uart_alu_system.
WARNING: [Synth 8-3332] Sequential element (dut/myNorm/enc/regMan_reg[2]_P) is unused and will be removed from module top_uart_alu_system.
WARNING: [Synth 8-3332] Sequential element (dut/myNorm/enc/regMan_reg[1]_P) is unused and will be removed from module top_uart_alu_system.
WARNING: [Synth 8-3332] Sequential element (dut/myNorm/enc/regMan_reg[0]_P) is unused and will be removed from module top_uart_alu_system.
WARNING: [Synth 8-3332] Sequential element (dut/myNorm/exceptionFlags_reg[0]_P) is unused and will be removed from module top_uart_alu_system.
WARNING: [Synth 8-3332] Sequential element (dut/state_reg[2]_P) is unused and will be removed from module top_uart_alu_system.
WARNING: [Synth 8-3332] Sequential element (dut/state_reg[1]_P) is unused and will be removed from module top_uart_alu_system.
WARNING: [Synth 8-3332] Sequential element (dut/state_reg[0]_P) is unused and will be removed from module top_uart_alu_system.
WARNING: [Synth 8-3332] Sequential element (dut/signA_reg_P) is unused and will be removed from module top_uart_alu_system.
WARNING: [Synth 8-3332] Sequential element (dut/signB_reg_P) is unused and will be removed from module top_uart_alu_system.
WARNING: [Synth 8-3332] Sequential element (dut/excessExps_reg[7]_P) is unused and will be removed from module top_uart_alu_system.
WARNING: [Synth 8-3332] Sequential element (dut/excessExps_reg[6]_P) is unused and will be removed from module top_uart_alu_system.
WARNING: [Synth 8-3332] Sequential element (dut/excessExps_reg[5]_P) is unused and will be removed from module top_uart_alu_system.
INFO: [Common 17-14] Message 'Synth 8-3332' appears 100 times and further instances of the messages will be disabled. Use the Tcl command set_msg_config to change the current settings.
---------------------------------------------------------------------------------
Finished Technology Mapping : Time (s): cpu = 00:00:38 ; elapsed = 00:00:41 . Memory (MB): peak = 1649.223 ; gain = 888.965
---------------------------------------------------------------------------------
---------------------------------------------------------------------------------
Start IO Insertion
---------------------------------------------------------------------------------
---------------------------------------------------------------------------------
Start Flattening Before IO Insertion
---------------------------------------------------------------------------------
---------------------------------------------------------------------------------
Finished Flattening Before IO Insertion
---------------------------------------------------------------------------------
---------------------------------------------------------------------------------
Start Final Netlist Cleanup
---------------------------------------------------------------------------------
---------------------------------------------------------------------------------
Finished Final Netlist Cleanup
---------------------------------------------------------------------------------
---------------------------------------------------------------------------------
Finished IO Insertion : Time (s): cpu = 00:00:44 ; elapsed = 00:00:48 . Memory (MB): peak = 1842.805 ; gain = 1082.547
---------------------------------------------------------------------------------
---------------------------------------------------------------------------------
Start Renaming Generated Instances
---------------------------------------------------------------------------------
---------------------------------------------------------------------------------
Finished Renaming Generated Instances : Time (s): cpu = 00:00:44 ; elapsed = 00:00:48 . Memory (MB): peak = 1842.805 ; gain = 1082.547
---------------------------------------------------------------------------------
---------------------------------------------------------------------------------
Start Rebuilding User Hierarchy
---------------------------------------------------------------------------------
---------------------------------------------------------------------------------
Finished Rebuilding User Hierarchy : Time (s): cpu = 00:00:45 ; elapsed = 00:00:48 . Memory (MB): peak = 1842.805 ; gain = 1082.547
---------------------------------------------------------------------------------
---------------------------------------------------------------------------------
Start Renaming Generated Ports
---------------------------------------------------------------------------------
---------------------------------------------------------------------------------
Finished Renaming Generated Ports : Time (s): cpu = 00:00:45 ; elapsed = 00:00:48 . Memory (MB): peak = 1842.805 ; gain = 1082.547
---------------------------------------------------------------------------------
---------------------------------------------------------------------------------
Start Handling Custom Attributes
---------------------------------------------------------------------------------
---------------------------------------------------------------------------------
Finished Handling Custom Attributes : Time (s): cpu = 00:00:45 ; elapsed = 00:00:48 . Memory (MB): peak = 1842.805 ; gain = 1082.547
---------------------------------------------------------------------------------
---------------------------------------------------------------------------------
Start Renaming Generated Nets
---------------------------------------------------------------------------------
---------------------------------------------------------------------------------
Finished Renaming Generated Nets : Time (s): cpu = 00:00:45 ; elapsed = 00:00:48 . Memory (MB): peak = 1842.805 ; gain = 1082.547
---------------------------------------------------------------------------------
---------------------------------------------------------------------------------
Start Writing Synthesis Report
---------------------------------------------------------------------------------

Report BlackBoxes: 
+-+--------------+----------+
| |BlackBox name |Instances |
+-+--------------+----------+
+-+--------------+----------+

Report Cell Usage: 
+------+-------+------+
|      |Cell   |Count |
+------+-------+------+
|1     |BUFG   |     4|
|2     |CARRY4 |   107|
|3     |LUT1   |    84|
|4     |LUT2   |   283|
|5     |LUT3   |   269|
|6     |LUT4   |   322|
|7     |LUT5   |   301|
|8     |LUT6   |   664|
|9     |FDCE   |   740|
|10    |FDPE   |     3|
|11    |FDRE   |   215|
|12    |LD     |    25|
|13    |LDC    |    80|
|14    |IBUF   |     3|
|15    |OBUF   |     5|
+------+-------+------+
---------------------------------------------------------------------------------
Finished Writing Synthesis Report : Time (s): cpu = 00:00:45 ; elapsed = 00:00:48 . Memory (MB): peak = 1842.805 ; gain = 1082.547
---------------------------------------------------------------------------------
Synthesis finished with 0 errors, 0 critical warnings and 160 warnings.
Synthesis Optimization Runtime : Time (s): cpu = 00:00:37 ; elapsed = 00:00:46 . Memory (MB): peak = 1842.805 ; gain = 1042.168
Synthesis Optimization Complete : Time (s): cpu = 00:00:45 ; elapsed = 00:00:48 . Memory (MB): peak = 1842.805 ; gain = 1082.547
INFO: [Project 1-571] Translating synthesized netlist
Netlist sorting complete. Time (s): cpu = 00:00:00 ; elapsed = 00:00:00.026 . Memory (MB): peak = 1851.871 ; gain = 0.000
INFO: [Netlist 29-17] Analyzing 212 Unisim elements for replacement
INFO: [Netlist 29-28] Unisim Transformation completed in 0 CPU seconds
INFO: [Project 1-570] Preparing netlist for logic optimization
INFO: [Opt 31-138] Pushed 0 inverter(s) to 0 load pin(s).
Netlist sorting complete. Time (s): cpu = 00:00:00 ; elapsed = 00:00:00.001 . Memory (MB): peak = 1855.559 ; gain = 0.000
INFO: [Project 1-111] Unisim Transformation Summary:
  A total of 105 instances were transformed.
  LD => LDCE: 25 instances
  LDC => LDCE: 80 instances

Synth Design complete | Checksum: 633f6276
INFO: [Common 17-83] Releasing license: Synthesis
69 Infos, 198 Warnings, 0 Critical Warnings and 0 Errors encountered.
synth_design completed successfully
synth_design: Time (s): cpu = 00:00:50 ; elapsed = 00:00:57 . Memory (MB): peak = 1855.559 ; gain = 1300.875
Write ShapeDB Complete: Time (s): cpu = 00:00:00 ; elapsed = 00:00:00.013 . Memory (MB): peak = 1855.559 ; gain = 0.000
INFO: [Common 17-1381] The checkpoint 'C:/Users/Agrajith/Desktop/Sem 5/Digital System Design/ALUFinal/ALUFinal/ALUFinal.runs/synth_1/top_uart_alu_system.dcp' has been generated.
INFO: [Vivado 12-24828] Executing command : report_utilization -file top_uart_alu_system_utilization_synth.rpt -pb top_uart_alu_system_utilization_synth.pb
INFO: [Common 17-206] Exiting Vivado at Sun Dec 28 09:32:27 2025...
