Vivado Simulator v2025.1.0
Copyright 1986-2022 Xilinx, Inc. All Rights Reserved.
Copyright 2022-2025 Advanced Micro Devices, Inc. All Rights Reserved.
Running: D:/Xilinx/2025.1/Vivado/bin/unwrapped/win64.o/xelab.exe --incr --debug typical --relax --mt 2 -L xil_defaultlib -L unisims_ver -L unimacro_ver -L secureip --snapshot core_behav xil_defaultlib.core xil_defaultlib.glbl -log elaborate.log 
Using 2 slave threads.
Starting static elaboration
Pass Through NonSizing Optimizer
WARNING: [VRFC 10-3091] actual bit length 24 differs from formal bit length 25 for port 'mantissa' [C:/Users/Agrajith/Desktop/Sem 5/Digital System Design/ALUFinal/ALUFinal/ALUFinal.srcs/sources_1/new/ALU.v:61]
WARNING: [VRFC 10-3091] actual bit length 9 differs from formal bit length 8 for port 'exponent' [C:/Users/Agrajith/Desktop/Sem 5/Digital System Design/ALUFinal/ALUFinal/ALUFinal.srcs/sources_1/new/ALU.v:62]
WARNING: [VRFC 10-3091] actual bit length 3 differs from formal bit length 2 for port 'flags' [C:/Users/Agrajith/Desktop/Sem 5/Digital System Design/ALUFinal/ALUFinal/ALUFinal.srcs/sources_1/new/ALU.v:120]
WARNING: [VRFC 10-3091] actual bit length 8 differs from formal bit length 6 for port 'idx' [C:/Users/Agrajith/Desktop/Sem 5/Digital System Design/ALUFinal/ALUFinal/ALUFinal.srcs/sources_1/new/normalizer.v:52]
WARNING: [VRFC 10-3091] actual bit length 3 differs from formal bit length 4 for port 'bits' [C:/Users/Agrajith/Desktop/Sem 5/Digital System Design/ALUFinal/ALUFinal/ALUFinal.srcs/sources_1/new/core.v:59]
WARNING: [VRFC 10-3091] actual bit length 3 differs from formal bit length 4 for port 'ctrl' [C:/Users/Agrajith/Desktop/Sem 5/Digital System Design/ALUFinal/ALUFinal/ALUFinal.srcs/sources_1/new/core.v:60]
WARNING: [VRFC 10-3091] actual bit length 24 differs from formal bit length 25 for port 'mantissa' [C:/Users/Agrajith/Desktop/Sem 5/Digital System Design/ALUFinal/ALUFinal/ALUFinal.srcs/sources_1/new/ALU.v:76]
WARNING: [VRFC 10-3091] actual bit length 9 differs from formal bit length 8 for port 'exponent' [C:/Users/Agrajith/Desktop/Sem 5/Digital System Design/ALUFinal/ALUFinal/ALUFinal.srcs/sources_1/new/ALU.v:77]
WARNING: [VRFC 10-8864] concatenation with an unsized literal will be treated as 32 bits [C:/Users/Agrajith/Desktop/Sem 5/Digital System Design/ALUFinal/ALUFinal/ALUFinal.srcs/sources_1/new/exponentAlu.v:60]
WARNING: [VRFC 10-8864] concatenation with an unsized literal will be treated as 32 bits [C:/Users/Agrajith/Desktop/Sem 5/Digital System Design/ALUFinal/ALUFinal/ALUFinal.srcs/sources_1/new/exponentAlu.v:61]
Completed static elaboration
Starting simulation data flow analysis
Completed simulation data flow analysis
Time Resolution for simulation is 1ps
Compiling module xil_defaultlib.clkdiv
Compiling module xil_defaultlib.decoder
Compiling module xil_defaultlib.encoder
Compiling module xil_defaultlib.normalizer
Compiling module xil_defaultlib.divider
Compiling module xil_defaultlib.validator
Compiling module xil_defaultlib.fpMul
Compiling module xil_defaultlib.exponentAlu
Compiling module xil_defaultlib.ALU
Compiling module xil_defaultlib.ledDisplay
Compiling module xil_defaultlib.core
Compiling module xil_defaultlib.glbl
Built simulation snapshot core_behav
