INFO: [VRFC 10-2263] Analyzing Verilog file "C:/Users/Agrajith/Desktop/Sem 5/Digital System Design/ALUFinal/ALUFinal/ALUFinal.srcs/sources_1/new/ALU.v" into library xil_defaultlib
INFO: [VRFC 10-311] analyzing module ALU
INFO: [VRFC 10-2263] Analyzing Verilog file "C:/Users/Agrajith/Desktop/Sem 5/Digital System Design/ALUFinal/ALUFinal/ALUFinal.srcs/sources_1/new/clkDiv.v" into library xil_defaultlib
INFO: [VRFC 10-311] analyzing module clkdiv
INFO: [VRFC 10-2263] Analyzing Verilog file "C:/Users/Agrajith/Desktop/Sem 5/Digital System Design/ALUFinal/ALUFinal/ALUFinal.srcs/sources_1/new/decoder.v" into library xil_defaultlib
INFO: [VRFC 10-311] analyzing module decoder
INFO: [VRFC 10-2263] Analyzing Verilog file "C:/Users/Agrajith/Desktop/Sem 5/Digital System Design/ALUFinal/ALUFinal/ALUFinal.srcs/sources_1/imports/ALU_Design/divider.v" into library xil_defaultlib
INFO: [VRFC 10-311] analyzing module divider
INFO: [VRFC 10-2263] Analyzing Verilog file "C:/Users/Agrajith/Desktop/Sem 5/Digital System Design/ALUFinal/ALUFinal/ALUFinal.srcs/sources_1/new/encoder.v" into library xil_defaultlib
INFO: [VRFC 10-311] analyzing module encoder
INFO: [VRFC 10-2263] Analyzing Verilog file "C:/Users/Agrajith/Desktop/Sem 5/Digital System Design/ALUFinal/ALUFinal/ALUFinal.srcs/sources_1/new/exponentAlu.v" into library xil_defaultlib
INFO: [VRFC 10-311] analyzing module exponentAlu
WARNING: [VRFC 10-8864] concatenation with an unsized literal will be treated as 32 bits [C:/Users/Agrajith/Desktop/Sem 5/Digital System Design/ALUFinal/ALUFinal/ALUFinal.srcs/sources_1/new/exponentAlu.v:60]
WARNING: [VRFC 10-8864] concatenation with an unsized literal will be treated as 32 bits [C:/Users/Agrajith/Desktop/Sem 5/Digital System Design/ALUFinal/ALUFinal/ALUFinal.srcs/sources_1/new/exponentAlu.v:61]
INFO: [VRFC 10-2263] Analyzing Verilog file "C:/Users/Agrajith/Desktop/Sem 5/Digital System Design/ALUFinal/ALUFinal/ALUFinal.srcs/sources_1/imports/new/fpMul.v" into library xil_defaultlib
INFO: [VRFC 10-311] analyzing module fpMul
INFO: [VRFC 10-2263] Analyzing Verilog file "C:/Users/Agrajith/Desktop/Sem 5/Digital System Design/ALUFinal/ALUFinal/ALUFinal.srcs/sources_1/imports/new/ledDisplay.v" into library xil_defaultlib
INFO: [VRFC 10-311] analyzing module ledDisplay
INFO: [VRFC 10-2263] Analyzing Verilog file "C:/Users/Agrajith/Desktop/Sem 5/Digital System Design/ALUFinal/ALUFinal/ALUFinal.srcs/sources_1/new/normalizer.v" into library xil_defaultlib
INFO: [VRFC 10-311] analyzing module normalizer
INFO: [VRFC 10-2263] Analyzing Verilog file "C:/Users/Agrajith/Desktop/Sem 5/Digital System Design/ALUFinal/ALUFinal/ALUFinal.srcs/sources_1/new/validator.v" into library xil_defaultlib
INFO: [VRFC 10-311] analyzing module validator
INFO: [VRFC 10-2263] Analyzing Verilog file "C:/Users/Agrajith/Desktop/Sem 5/Digital System Design/ALUFinal/ALUFinal/ALUFinal.srcs/sources_1/new/core.v" into library xil_defaultlib
INFO: [VRFC 10-311] analyzing module core
