Copyright 1986-2022 Xilinx, Inc. All Rights Reserved. Copyright 2022-2025 Advanced Micro Devices, Inc. All Rights Reserved.
---------------------------------------------------------------------------------------------------------------------------------------------
| Tool Version : Vivado v.2025.1 (win64) Build 6140274 Thu May 22 00:12:29 MDT 2025
| Date         : Sun Dec 28 09:33:10 2025
| Host         : DESKTOP-087OT34 running 64-bit major release  (build 9200)
| Command      : report_control_sets -verbose -file top_uart_alu_system_control_sets_placed.rpt
| Design       : top_uart_alu_system
| Device       : xc7z010
---------------------------------------------------------------------------------------------------------------------------------------------

Control Set Information

Table of Contents
-----------------
1. Summary
2. Histogram
3. Flip-Flop Distribution
4. Detailed Control Set Information

1. Summary
----------

+----------------------------------------------------------+-------+
|                          Status                          | Count |
+----------------------------------------------------------+-------+
| Total control sets                                       |    55 |
|    Minimum number of control sets                        |    55 |
|    Addition due to synthesis replication                 |     0 |
|    Addition due to physical synthesis replication        |     0 |
| Unused register locations in slices containing registers |   145 |
+----------------------------------------------------------+-------+
* Control sets can be merged at opt_design using control_set_merge or merge_equivalent_drivers
** Run report_qor_suggestions for automated merging and remapping suggestions


2. Histogram
------------

+--------------------+-------+
|       Fanout       | Count |
+--------------------+-------+
| Total control sets |    55 |
| >= 0 to < 4        |     8 |
| >= 4 to < 6        |     6 |
| >= 6 to < 8        |     3 |
| >= 8 to < 10       |     8 |
| >= 10 to < 12      |     1 |
| >= 12 to < 14      |     2 |
| >= 14 to < 16      |     0 |
| >= 16              |    27 |
+--------------------+-------+
* Control sets can be remapped at either synth_design or opt_design


3. Flip-Flop Distribution
-------------------------

+--------------+-----------------------+------------------------+-----------------+--------------+
| Clock Enable | Synchronous Set/Reset | Asynchronous Set/Reset | Total Registers | Total Slices |
+--------------+-----------------------+------------------------+-----------------+--------------+
| No           | No                    | No                     |              56 |           23 |
| No           | No                    | Yes                    |              40 |           22 |
| No           | Yes                   | No                     |              79 |           26 |
| Yes          | No                    | No                     |             150 |           34 |
| Yes          | No                    | Yes                    |             703 |          204 |
| Yes          | Yes                   | No                     |              35 |            7 |
+--------------+-----------------------+------------------------+-----------------+--------------+


4. Detailed Control Set Information
-----------------------------------

+----------------------------------+----------------------------------------------+---------------------------------------+------------------+----------------+--------------+
|           Clock Signal           |                 Enable Signal                |            Set/Reset Signal           | Slice Load Count | Bel Load Count | Bels / Slice |
+----------------------------------+----------------------------------------------+---------------------------------------+------------------+----------------+--------------+
|  clk_IBUF_BUFG                   |                                              | reset_BUFG                            |                1 |              1 |         1.00 |
|  reset_BUFG                      |                                              |                                       |                1 |              1 |         1.00 |
|  newClk_BUFG                     | uart_tx_inst/r_SM_Main__0[2]                 |                                       |                1 |              1 |         1.00 |
|  dut/decA/zero_reg[1]_i_2_n_0    |                                              | reset_BUFG                            |                1 |              2 |         2.00 |
|  dut/decB/zero_reg[1]_i_2__0_n_0 |                                              | reset_BUFG                            |                1 |              2 |         2.00 |
|  clk_IBUF_BUFG                   |                                              |                                       |                1 |              2 |         2.00 |
|  dut/validatorEnable_reg_n_0     |                                              | reset_BUFG                            |                2 |              3 |         1.50 |
|  newClk_BUFG                     | dut/dut/FSM_onehot_state[2]_i_1_n_0          | dut/divRst                            |                1 |              3 |         3.00 |
|  newClk_BUFG                     | dut/myValidator/E[0]                         | reset_BUFG                            |                1 |              4 |         4.00 |
|  newClk_BUFG                     | leds[3]_i_1_n_0                              | reset_BUFG                            |                1 |              4 |         4.00 |
|  newClk_BUFG                     | uart_tx_inst/E[0]                            | reset_BUFG                            |                1 |              4 |         4.00 |
|  newClk_BUFG                     | uart_tx_inst/r_Clock_Count                   | uart_tx_inst/r_Clock_Count0           |                1 |              4 |         4.00 |
|  newClk_BUFG                     | dut/multiplier/count                         | reset_BUFG                            |                2 |              5 |         2.50 |
|  newClk_BUFG                     | uart_rx_inst/FSM_onehot_r_SM_Main[4]_i_1_n_0 |                                       |                1 |              5 |         5.00 |
|  newClk_BUFG                     | dut/dut/flag[6]_i_1_n_0                      | dut/divRst                            |                2 |              7 |         3.50 |
|  newClk_BUFG                     | dut/dut/count[6]_i_1_n_0                     | dut/divRst                            |                2 |              7 |         3.50 |
|  newClk_BUFG                     | uart_rx_inst/r_Clock_Count                   | uart_rx_inst/r_Clock_Count[7]_i_1_n_0 |                2 |              7 |         3.50 |
|  newClk_BUFG                     | dut/myNorm/exp[7]_i_1_n_0                    | dut/myNorm/enc/resetNorm_reg_P        |                3 |              8 |         2.67 |
|  newClk_BUFG                     | uart_rx_inst/o_Rx_Word[23]_i_1_n_0           |                                       |                1 |              8 |         8.00 |
|  newClk_BUFG                     | uart_rx_inst/o_Rx_Word[15]_i_1_n_0           |                                       |                1 |              8 |         8.00 |
|  newClk_BUFG                     | uart_rx_inst/o_Rx_Word[31]_i_1_n_0           |                                       |                1 |              8 |         8.00 |
|  newClk_BUFG                     | uart_rx_inst/o_Rx_Word[7]_i_1_n_0            |                                       |                1 |              8 |         8.00 |
|  newClk_BUFG                     | uart_tx_inst/r_Tx_Byte                       |                                       |                2 |              8 |         4.00 |
|  newClk_BUFG                     | dut/myNorm/enc/E[0]                          | dut/myNorm/enc/resetNorm_reg_P        |                3 |              9 |         3.00 |
|  newClk_BUFG                     | dut/myALU/state_reg[0]_C                     | reset_BUFG                            |                2 |              9 |         4.50 |
|  dut/enableA_reg_n_0             |                                              | reset_BUFG                            |                3 |             10 |         3.33 |
|  newClk_BUFG                     | dut/myNorm/enc/indx[5]_i_1_n_0               | dut/myNorm/enc/resetNorm_reg_P        |                5 |             12 |         2.40 |
|  newClk_BUFG                     |                                              | dut/myNorm/enc/resetNorm_reg_P        |                8 |             13 |         1.62 |
|  newClk_BUFG                     | dut/dut/firstReg[7]_i_1_n_0                  | dut/divRst                            |                4 |             16 |         4.00 |
|  newClk_BUFG                     |                                              | reset_BUFG                            |               11 |             23 |         2.09 |
|  newClk_BUFG                     | dut/myNorm/regMan[22]_i_1_n_0                | dut/myNorm/enc/resetNorm_reg_P        |               14 |             23 |         1.64 |
|  newClk_BUFG                     | dut/multiplier/temp                          |                                       |                4 |             24 |         6.00 |
|  newClk_BUFG                     | dut/multiplier/temp                          | dut/multiplier/temp[47]_i_1_n_0       |                4 |             24 |         6.00 |
|  newClk_BUFG                     | dut/multiplier/regA                          | reset_BUFG                            |               10 |             24 |         2.40 |
|  newClk_BUFG                     | dut/myNorm/enc/state_reg[1][0]               | dut/myNorm/enc/resetNorm_reg_P        |                7 |             24 |         3.43 |
|  newClk_BUFG                     | dut/dut/r[23]_i_1_n_0                        | dut/divRst                            |                6 |             24 |         4.00 |
|  newClk_BUFG                     | dut/dut/neg[24]_i_1_n_0                      | dut/divRst                            |                7 |             25 |         3.57 |
|  dut/myALU/add                   |                                              |                                       |                8 |             25 |         3.12 |
|  newClk_BUFG                     |                                              |                                       |               13 |             28 |         2.15 |
|  clk_IBUF_BUFG                   | nclk/timer1count_0                           | reset_BUFG                            |                7 |             32 |         4.57 |
|  newClk_BUFG                     | dut/myNorm/finalValue_0                      | dut/myNorm/enc/resetNorm_reg_P        |                8 |             32 |         4.00 |
|  newClk_BUFG                     | dut/decA/readB_reg[0]                        | reset_BUFG                            |                9 |             32 |         3.56 |
|  newClk_BUFG                     | dut/decA/readA_reg[0]                        | reset_BUFG                            |               11 |             32 |         2.91 |
|  newClk_BUFG                     | dut/myNorm/E[0]                              | reset_BUFG                            |                6 |             32 |         5.33 |
|  newClk_BUFG                     | dut/myNorm/enc/regInexact3_out               | dut/myNorm/enc/resetNorm_reg_P        |               18 |             32 |         1.78 |
|  newClk_BUFG                     | uart_rx_inst/FSM_sequential_state_reg[0][0]  | reset_BUFG                            |                5 |             32 |         6.40 |
|  newClk_BUFG                     | uart_rx_inst/E[0]                            | reset_BUFG                            |                7 |             32 |         4.57 |
|  newClk_BUFG                     | uart_tx_inst/r_Tx_Word                       |                                       |                7 |             32 |         4.57 |
|  newClk_BUFG                     | uart_tx_inst/r_Tx_Active_reg_0[0]            | reset_BUFG                            |                5 |             32 |         6.40 |
|  newClk_BUFG                     | dut/dut/exp[8]_i_1_n_0                       | dut/divRst                            |               10 |             34 |         3.40 |
|  newClk_BUFG                     | dut/myValidator/reset_sync_reg[1][0]         |                                       |               15 |             48 |         3.20 |
|  newClk_BUFG                     | dut/multiplier/finVal[47]_i_1_n_0            | reset_BUFG                            |               12 |             48 |         4.00 |
|  newClk_BUFG                     | dut/dut/E[0]                                 | reset_BUFG                            |               13 |             50 |         3.85 |
|  decBEn                          |                                              | reset_BUFG                            |               21 |             65 |         3.10 |
|  newClk_BUFG                     | dut/dut/q[74]_i_1_n_0                        | dut/divRst                            |               22 |             75 |         3.41 |
+----------------------------------+----------------------------------------------+---------------------------------------+------------------+----------------+--------------+


