Copyright 1986-2022 Xilinx, Inc. All Rights Reserved. Copyright 2022-2025 Advanced Micro Devices, Inc. All Rights Reserved.
---------------------------------------------------------------------------------------------------------------------------------------------------
| Tool Version : Vivado v.2025.1 (win64) Build 6140274 Thu May 22 00:12:29 MDT 2025
| Date         : Sun Dec 28 09:33:37 2025
| Host         : DESKTOP-087OT34 running 64-bit major release  (build 9200)
| Command      : report_drc -file top_uart_alu_system_drc_routed.rpt -pb top_uart_alu_system_drc_routed.pb -rpx top_uart_alu_system_drc_routed.rpx
| Design       : top_uart_alu_system
| Device       : xc7z010clg400-1
| Speed File   : -1
| Design State : Fully Routed
---------------------------------------------------------------------------------------------------------------------------------------------------

Report DRC

Table of Contents
-----------------
1. REPORT SUMMARY
2. REPORT DETAILS

1. REPORT SUMMARY
-----------------
            Netlist: netlist
          Floorplan: design_1
      Design limits: <entire design considered>
           Ruledeck: default
             Max checks: <unlimited>
             Checks found: 4
+----------+----------+--------------------+--------+
| Rule     | Severity | Description        | Checks |
+----------+----------+--------------------+--------+
| PDRC-153 | Warning  | Gated clock check  | 3      |
| ZPS7-1   | Warning  | PS7 block required | 1      |
+----------+----------+--------------------+--------+

2. REPORT DETAILS
-----------------
PDRC-153#1 Warning
Gated clock check  
Net dut/decA/zero_reg[1]_i_2_n_0 is a gated clock net sourced by a combinational pin dut/decA/zero_reg[1]_i_2/O, cell dut/decA/zero_reg[1]_i_2. This is not good design practice and will likely impact performance. For SLICE registers, for example, use the CE pin to control the loading of data.
Related violations: <none>

PDRC-153#2 Warning
Gated clock check  
Net dut/decB/zero_reg[1]_i_2__0_n_0 is a gated clock net sourced by a combinational pin dut/decB/zero_reg[1]_i_2__0/O, cell dut/decB/zero_reg[1]_i_2__0. This is not good design practice and will likely impact performance. For SLICE registers, for example, use the CE pin to control the loading of data.
Related violations: <none>

PDRC-153#3 Warning
Gated clock check  
Net dut/myALU/add is a gated clock net sourced by a combinational pin dut/myALU/add_reg[24]_i_2/O, cell dut/myALU/add_reg[24]_i_2. This is not good design practice and will likely impact performance. For SLICE registers, for example, use the CE pin to control the loading of data.
Related violations: <none>

ZPS7-1#1 Warning
PS7 block required  
The PS7 cell must be used in this Zynq design in order to enable correct default configuration.
Related violations: <none>


