Copyright 1986-2022 Xilinx, Inc. All Rights Reserved. Copyright 2022-2025 Advanced Micro Devices, Inc. All Rights Reserved.
------------------------------------------------------------------------------------------------------------------------------------------------------------------------------------------------------------------------------------------
| Tool Version : Vivado v.2025.1 (win64) Build 6140274 Thu May 22 00:12:29 MDT 2025
| Date         : Sun Dec 14 13:40:40 2025
| Host         : DESKTOP-087OT34 running 64-bit major release  (build 9200)
| Command      : report_timing_summary -max_paths 10 -routable_nets -report_unconstrained -file ledDisplay_timing_summary_routed.rpt -pb ledDisplay_timing_summary_routed.pb -rpx ledDisplay_timing_summary_routed.rpx -warn_on_violation
| Design       : ledDisplay
| Device       : 7z010-clg400
| Speed File   : -1  PRODUCTION 1.12 2019-11-22
| Design State : Routed
------------------------------------------------------------------------------------------------------------------------------------------------------------------------------------------------------------------------------------------

Timing Summary Report

------------------------------------------------------------------------------------------------
| Timer Settings
| --------------
------------------------------------------------------------------------------------------------

  Enable Multi Corner Analysis               :  Yes
  Enable Pessimism Removal                   :  Yes
  Pessimism Removal Resolution               :  Nearest Common Node
  Enable Input Delay Default Clock           :  No
  Enable Preset / Clear Arcs                 :  No
  Disable Flight Delays                      :  No
  Ignore I/O Paths                           :  No
  Timing Early Launch at Borrowing Latches   :  No
  Borrow Time for Max Delay Exceptions       :  Yes
  Merge Timing Exceptions                    :  Yes
  Inter-SLR Compensation                     :  Conservative

  Corner  Analyze    Analyze    
  Name    Max Paths  Min Paths  
  ------  ---------  ---------  
  Slow    Yes        Yes        
  Fast    Yes        Yes        


------------------------------------------------------------------------------------------------
| Report Methodology
| ------------------
------------------------------------------------------------------------------------------------

Rule       Severity          Description                  Violations  
---------  ----------------  ---------------------------  ----------  
TIMING-17  Critical Warning  Non-clocked sequential cell  9           

Note: This report is based on the most recent report_methodology run and may not be up-to-date. Run report_methodology on the current design for the latest report.



check_timing report

Table of Contents
-----------------
1. checking no_clock (9)
2. checking constant_clock (0)
3. checking pulse_width_clock (0)
4. checking unconstrained_internal_endpoints (22)
5. checking no_input_delay (6)
6. checking no_output_delay (4)
7. checking multiple_clock (0)
8. checking generated_clocks (0)
9. checking loops (0)
10. checking partial_input_delay (0)
11. checking partial_output_delay (0)
12. checking latch_loops (0)

1. checking no_clock (9)
------------------------
 There are 9 register/latch pins with no clock driven by root clock pin: clk (HIGH)


2. checking constant_clock (0)
------------------------------
 There are 0 register/latch pins with constant_clock.


3. checking pulse_width_clock (0)
---------------------------------
 There are 0 register/latch pins which need pulse_width check


4. checking unconstrained_internal_endpoints (22)
-------------------------------------------------
 There are 22 pins that are not constrained for maximum delay. (HIGH)

 There are 0 pins that are not constrained for maximum delay due to constant clock.


5. checking no_input_delay (6)
------------------------------
 There are 6 input ports with no input delay specified. (HIGH)

 There are 0 input ports with no input delay but user has a false path constraint.


6. checking no_output_delay (4)
-------------------------------
 There are 4 ports with no output delay specified. (HIGH)

 There are 0 ports with no output delay but user has a false path constraint

 There are 0 ports with no output delay but with a timing clock defined on it or propagating through it


7. checking multiple_clock (0)
------------------------------
 There are 0 register/latch pins with multiple clocks.


8. checking generated_clocks (0)
--------------------------------
 There are 0 generated clocks that are not connected to a clock source.


9. checking loops (0)
---------------------
 There are 0 combinational loops in the design.


10. checking partial_input_delay (0)
------------------------------------
 There are 0 input ports with partial input delay specified.


11. checking partial_output_delay (0)
-------------------------------------
 There are 0 ports with partial output delay specified.


12. checking latch_loops (0)
----------------------------
 There are 0 combinational latch loops in the design through latch input



------------------------------------------------------------------------------------------------
| Design Timing Summary
| ---------------------
------------------------------------------------------------------------------------------------

    WNS(ns)      TNS(ns)  TNS Failing Endpoints  TNS Total Endpoints      WHS(ns)      THS(ns)  THS Failing Endpoints  THS Total Endpoints     WPWS(ns)     TPWS(ns)  TPWS Failing Endpoints  TPWS Total Endpoints  
    -------      -------  ---------------------  -------------------      -------      -------  ---------------------  -------------------     --------     --------  ----------------------  --------------------  
        inf        0.000                      0                   26          inf        0.000                      0                   26           NA           NA                      NA                    NA  


There are no user specified timing constraints.


------------------------------------------------------------------------------------------------
| Clock Summary
| -------------
------------------------------------------------------------------------------------------------


------------------------------------------------------------------------------------------------
| Intra Clock Table
| -----------------
------------------------------------------------------------------------------------------------

Clock             WNS(ns)      TNS(ns)  TNS Failing Endpoints  TNS Total Endpoints      WHS(ns)      THS(ns)  THS Failing Endpoints  THS Total Endpoints     WPWS(ns)     TPWS(ns)  TPWS Failing Endpoints  TPWS Total Endpoints  
-----             -------      -------  ---------------------  -------------------      -------      -------  ---------------------  -------------------     --------     --------  ----------------------  --------------------  


------------------------------------------------------------------------------------------------
| Inter Clock Table
| -----------------
------------------------------------------------------------------------------------------------

From Clock    To Clock          WNS(ns)      TNS(ns)  TNS Failing Endpoints  TNS Total Endpoints      WHS(ns)      THS(ns)  THS Failing Endpoints  THS Total Endpoints  
----------    --------          -------      -------  ---------------------  -------------------      -------      -------  ---------------------  -------------------  


------------------------------------------------------------------------------------------------
| Other Path Groups Table
| -----------------------
------------------------------------------------------------------------------------------------

Path Group    From Clock    To Clock          WNS(ns)      TNS(ns)  TNS Failing Endpoints  TNS Total Endpoints      WHS(ns)      THS(ns)  THS Failing Endpoints  THS Total Endpoints  
----------    ----------    --------          -------      -------  ---------------------  -------------------      -------      -------  ---------------------  -------------------  


------------------------------------------------------------------------------------------------
| User Ignored Path Table
| -----------------------
------------------------------------------------------------------------------------------------

Path Group    From Clock    To Clock    
----------    ----------    --------    


------------------------------------------------------------------------------------------------
| Unconstrained Path Table
| ------------------------
------------------------------------------------------------------------------------------------

Path Group    From Clock    To Clock    
----------    ----------    --------    
(none)                                    


------------------------------------------------------------------------------------------------
| Timing Details
| --------------
------------------------------------------------------------------------------------------------


--------------------------------------------------------------------------------------
Path Group:  (none)
From Clock:  
  To Clock:  

Max Delay            26 Endpoints
Min Delay            26 Endpoints
--------------------------------------------------------------------------------------


Max Delay Paths
--------------------------------------------------------------------------------------
Slack:                    inf
  Source:                 count_reg[3]/C
                            (rising edge-triggered cell FDCE)
  Destination:            led[3]
                            (output port)
  Path Group:             (none)
  Path Type:              Max at Slow Process Corner
  Data Path Delay:        6.471ns  (logic 3.059ns (47.272%)  route 3.412ns (52.728%))
  Logic Levels:           2  (FDCE=1 OBUF=1)

    Location             Delay type                Incr(ns)  Path(ns)    Netlist Resource(s)
  -------------------------------------------------------------------    -------------------
    SLICE_X43Y41         FDCE                         0.000     0.000 r  count_reg[3]/C
    SLICE_X43Y41         FDCE (Prop_fdce_C_Q)         0.456     0.456 r  count_reg[3]/Q
                         net (fo=2, routed)           3.412     3.868    led_OBUF[3]
    D18                  OBUF (Prop_obuf_I_O)         2.603     6.471 r  led_OBUF[3]_inst/O
                         net (fo=0)                   0.000     6.471    led[3]
    D18                                                               r  led[3] (OUT)
  -------------------------------------------------------------------    -------------------

Slack:                    inf
  Source:                 count_reg[2]/C
                            (rising edge-triggered cell FDCE)
  Destination:            led[2]
                            (output port)
  Path Group:             (none)
  Path Type:              Max at Slow Process Corner
  Data Path Delay:        6.225ns  (logic 3.034ns (48.744%)  route 3.191ns (51.256%))
  Logic Levels:           2  (FDCE=1 OBUF=1)

    Location             Delay type                Incr(ns)  Path(ns)    Netlist Resource(s)
  -------------------------------------------------------------------    -------------------
    SLICE_X43Y41         FDCE                         0.000     0.000 r  count_reg[2]/C
    SLICE_X43Y41         FDCE (Prop_fdce_C_Q)         0.456     0.456 r  count_reg[2]/Q
                         net (fo=3, routed)           3.191     3.647    led_OBUF[2]
    G14                  OBUF (Prop_obuf_I_O)         2.578     6.225 r  led_OBUF[2]_inst/O
                         net (fo=0)                   0.000     6.225    led[2]
    G14                                                               r  led[2] (OUT)
  -------------------------------------------------------------------    -------------------

Slack:                    inf
  Source:                 count_reg[0]/C
                            (rising edge-triggered cell FDCE)
  Destination:            led[0]
                            (output port)
  Path Group:             (none)
  Path Type:              Max at Slow Process Corner
  Data Path Delay:        5.267ns  (logic 3.142ns (59.662%)  route 2.124ns (40.338%))
  Logic Levels:           2  (FDCE=1 OBUF=1)

    Location             Delay type                Incr(ns)  Path(ns)    Netlist Resource(s)
  -------------------------------------------------------------------    -------------------
    SLICE_X42Y41         FDCE                         0.000     0.000 r  count_reg[0]/C
    SLICE_X42Y41         FDCE (Prop_fdce_C_Q)         0.518     0.518 r  count_reg[0]/Q
                         net (fo=5, routed)           2.124     2.642    led_OBUF[0]
    M14                  OBUF (Prop_obuf_I_O)         2.624     5.267 r  led_OBUF[0]_inst/O
                         net (fo=0)                   0.000     5.267    led[0]
    M14                                                               r  led[0] (OUT)
  -------------------------------------------------------------------    -------------------

Slack:                    inf
  Source:                 count_reg[1]/C
                            (rising edge-triggered cell FDCE)
  Destination:            led[1]
                            (output port)
  Path Group:             (none)
  Path Type:              Max at Slow Process Corner
  Data Path Delay:        5.174ns  (logic 3.088ns (59.689%)  route 2.086ns (40.311%))
  Logic Levels:           2  (FDCE=1 OBUF=1)

    Location             Delay type                Incr(ns)  Path(ns)    Netlist Resource(s)
  -------------------------------------------------------------------    -------------------
    SLICE_X43Y41         FDCE                         0.000     0.000 r  count_reg[1]/C
    SLICE_X43Y41         FDCE (Prop_fdce_C_Q)         0.456     0.456 r  count_reg[1]/Q
                         net (fo=4, routed)           2.086     2.542    led_OBUF[1]
    M15                  OBUF (Prop_obuf_I_O)         2.632     5.174 r  led_OBUF[1]_inst/O
                         net (fo=0)                   0.000     5.174    led[1]
    M15                                                               r  led[1] (OUT)
  -------------------------------------------------------------------    -------------------

Slack:                    inf
  Source:                 ctrl[2]
                            (input port)
  Destination:            count_reg[2]/D
  Path Group:             (none)
  Path Type:              Max at Slow Process Corner
  Data Path Delay:        4.546ns  (logic 1.204ns (26.488%)  route 3.342ns (73.512%))
  Logic Levels:           3  (IBUF=1 LUT6=2)

    Location             Delay type                Incr(ns)  Path(ns)    Netlist Resource(s)
  -------------------------------------------------------------------    -------------------
    V16                                               0.000     0.000 f  ctrl[2] (IN)
                         net (fo=0)                   0.000     0.000    ctrl[2]
    V16                  IBUF (Prop_ibuf_I_O)         0.956     0.956 f  ctrl_IBUF[2]_inst/O
                         net (fo=3, routed)           2.523     3.479    ctrl_IBUF[2]
    SLICE_X43Y40         LUT6 (Prop_lut6_I1_O)        0.124     3.603 f  count[3]_i_5/O
                         net (fo=3, routed)           0.819     4.422    count[3]_i_5_n_0
    SLICE_X43Y41         LUT6 (Prop_lut6_I0_O)        0.124     4.546 r  count[2]_i_1/O
                         net (fo=1, routed)           0.000     4.546    count[2]_i_1_n_0
    SLICE_X43Y41         FDCE                                         r  count_reg[2]/D
  -------------------------------------------------------------------    -------------------

Slack:                    inf
  Source:                 ctrl[2]
                            (input port)
  Destination:            count_reg[1]/D
  Path Group:             (none)
  Path Type:              Max at Slow Process Corner
  Data Path Delay:        4.502ns  (logic 1.204ns (26.743%)  route 3.298ns (73.257%))
  Logic Levels:           3  (IBUF=1 LUT6=2)

    Location             Delay type                Incr(ns)  Path(ns)    Netlist Resource(s)
  -------------------------------------------------------------------    -------------------
    V16                                               0.000     0.000 f  ctrl[2] (IN)
                         net (fo=0)                   0.000     0.000    ctrl[2]
    V16                  IBUF (Prop_ibuf_I_O)         0.956     0.956 f  ctrl_IBUF[2]_inst/O
                         net (fo=3, routed)           2.523     3.479    ctrl_IBUF[2]
    SLICE_X43Y40         LUT6 (Prop_lut6_I1_O)        0.124     3.603 f  count[3]_i_5/O
                         net (fo=3, routed)           0.775     4.378    count[3]_i_5_n_0
    SLICE_X43Y41         LUT6 (Prop_lut6_I4_O)        0.124     4.502 r  count[1]_i_1/O
                         net (fo=1, routed)           0.000     4.502    count[1]_i_1_n_0
    SLICE_X43Y41         FDCE                                         r  count_reg[1]/D
  -------------------------------------------------------------------    -------------------

Slack:                    inf
  Source:                 ctrl[2]
                            (input port)
  Destination:            count_reg[3]/D
  Path Group:             (none)
  Path Type:              Max at Slow Process Corner
  Data Path Delay:        4.377ns  (logic 1.204ns (27.510%)  route 3.173ns (72.490%))
  Logic Levels:           3  (IBUF=1 LUT6=2)

    Location             Delay type                Incr(ns)  Path(ns)    Netlist Resource(s)
  -------------------------------------------------------------------    -------------------
    V16                                               0.000     0.000 f  ctrl[2] (IN)
                         net (fo=0)                   0.000     0.000    ctrl[2]
    V16                  IBUF (Prop_ibuf_I_O)         0.956     0.956 f  ctrl_IBUF[2]_inst/O
                         net (fo=3, routed)           2.523     3.479    ctrl_IBUF[2]
    SLICE_X43Y40         LUT6 (Prop_lut6_I1_O)        0.124     3.603 f  count[3]_i_5/O
                         net (fo=3, routed)           0.650     4.253    count[3]_i_5_n_0
    SLICE_X43Y41         LUT6 (Prop_lut6_I4_O)        0.124     4.377 r  count[3]_i_2/O
                         net (fo=1, routed)           0.000     4.377    count[3]_i_2_n_0
    SLICE_X43Y41         FDCE                                         r  count_reg[3]/D
  -------------------------------------------------------------------    -------------------

Slack:                    inf
  Source:                 ctrl[2]
                            (input port)
  Destination:            count_reg[0]/CE
  Path Group:             (none)
  Path Type:              Max at Slow Process Corner
  Data Path Delay:        4.308ns  (logic 1.204ns (27.952%)  route 3.103ns (72.048%))
  Logic Levels:           3  (IBUF=1 LUT4=1 LUT5=1)

    Location             Delay type                Incr(ns)  Path(ns)    Netlist Resource(s)
  -------------------------------------------------------------------    -------------------
    V16                                               0.000     0.000 r  ctrl[2] (IN)
                         net (fo=0)                   0.000     0.000    ctrl[2]
    V16                  IBUF (Prop_ibuf_I_O)         0.956     0.956 r  ctrl_IBUF[2]_inst/O
                         net (fo=3, routed)           2.096     3.052    ctrl_IBUF[2]
    SLICE_X43Y40         LUT4 (Prop_lut4_I2_O)        0.124     3.176 f  count[3]_i_3/O
                         net (fo=5, routed)           0.340     3.516    count[3]_i_3_n_0
    SLICE_X42Y41         LUT5 (Prop_lut5_I4_O)        0.124     3.640 r  count[3]_i_1/O
                         net (fo=4, routed)           0.668     4.308    count[3]_i_1_n_0
    SLICE_X42Y41         FDCE                                         r  count_reg[0]/CE
  -------------------------------------------------------------------    -------------------

Slack:                    inf
  Source:                 ctrl[2]
                            (input port)
  Destination:            count_reg[1]/CE
  Path Group:             (none)
  Path Type:              Max at Slow Process Corner
  Data Path Delay:        3.843ns  (logic 1.204ns (31.330%)  route 2.639ns (68.670%))
  Logic Levels:           3  (IBUF=1 LUT4=1 LUT5=1)

    Location             Delay type                Incr(ns)  Path(ns)    Netlist Resource(s)
  -------------------------------------------------------------------    -------------------
    V16                                               0.000     0.000 r  ctrl[2] (IN)
                         net (fo=0)                   0.000     0.000    ctrl[2]
    V16                  IBUF (Prop_ibuf_I_O)         0.956     0.956 r  ctrl_IBUF[2]_inst/O
                         net (fo=3, routed)           2.096     3.052    ctrl_IBUF[2]
    SLICE_X43Y40         LUT4 (Prop_lut4_I2_O)        0.124     3.176 f  count[3]_i_3/O
                         net (fo=5, routed)           0.340     3.516    count[3]_i_3_n_0
    SLICE_X42Y41         LUT5 (Prop_lut5_I4_O)        0.124     3.640 r  count[3]_i_1/O
                         net (fo=4, routed)           0.203     3.843    count[3]_i_1_n_0
    SLICE_X43Y41         FDCE                                         r  count_reg[1]/CE
  -------------------------------------------------------------------    -------------------

Slack:                    inf
  Source:                 ctrl[2]
                            (input port)
  Destination:            count_reg[2]/CE
  Path Group:             (none)
  Path Type:              Max at Slow Process Corner
  Data Path Delay:        3.843ns  (logic 1.204ns (31.330%)  route 2.639ns (68.670%))
  Logic Levels:           3  (IBUF=1 LUT4=1 LUT5=1)

    Location             Delay type                Incr(ns)  Path(ns)    Netlist Resource(s)
  -------------------------------------------------------------------    -------------------
    V16                                               0.000     0.000 r  ctrl[2] (IN)
                         net (fo=0)                   0.000     0.000    ctrl[2]
    V16                  IBUF (Prop_ibuf_I_O)         0.956     0.956 r  ctrl_IBUF[2]_inst/O
                         net (fo=3, routed)           2.096     3.052    ctrl_IBUF[2]
    SLICE_X43Y40         LUT4 (Prop_lut4_I2_O)        0.124     3.176 f  count[3]_i_3/O
                         net (fo=5, routed)           0.340     3.516    count[3]_i_3_n_0
    SLICE_X42Y41         LUT5 (Prop_lut5_I4_O)        0.124     3.640 r  count[3]_i_1/O
                         net (fo=4, routed)           0.203     3.843    count[3]_i_1_n_0
    SLICE_X43Y41         FDCE                                         r  count_reg[2]/CE
  -------------------------------------------------------------------    -------------------





Min Delay Paths
--------------------------------------------------------------------------------------
Slack:                    inf
  Source:                 count_reg[0]/C
                            (rising edge-triggered cell FDCE)
  Destination:            count_reg[2]/D
  Path Group:             (none)
  Path Type:              Min at Fast Process Corner
  Data Path Delay:        0.336ns  (logic 0.209ns (62.127%)  route 0.127ns (37.873%))
  Logic Levels:           2  (FDCE=1 LUT6=1)

    Location             Delay type                Incr(ns)  Path(ns)    Netlist Resource(s)
  -------------------------------------------------------------------    -------------------
    SLICE_X42Y41         FDCE                         0.000     0.000 r  count_reg[0]/C
    SLICE_X42Y41         FDCE (Prop_fdce_C_Q)         0.164     0.164 r  count_reg[0]/Q
                         net (fo=5, routed)           0.127     0.291    led_OBUF[0]
    SLICE_X43Y41         LUT6 (Prop_lut6_I4_O)        0.045     0.336 r  count[2]_i_1/O
                         net (fo=1, routed)           0.000     0.336    count[2]_i_1_n_0
    SLICE_X43Y41         FDCE                                         r  count_reg[2]/D
  -------------------------------------------------------------------    -------------------

Slack:                    inf
  Source:                 count_reg[1]/C
                            (rising edge-triggered cell FDCE)
  Destination:            count_reg[1]/D
  Path Group:             (none)
  Path Type:              Min at Fast Process Corner
  Data Path Delay:        0.365ns  (logic 0.186ns (50.913%)  route 0.179ns (49.087%))
  Logic Levels:           2  (FDCE=1 LUT6=1)

    Location             Delay type                Incr(ns)  Path(ns)    Netlist Resource(s)
  -------------------------------------------------------------------    -------------------
    SLICE_X43Y41         FDCE                         0.000     0.000 r  count_reg[1]/C
    SLICE_X43Y41         FDCE (Prop_fdce_C_Q)         0.141     0.141 r  count_reg[1]/Q
                         net (fo=4, routed)           0.179     0.320    led_OBUF[1]
    SLICE_X43Y41         LUT6 (Prop_lut6_I0_O)        0.045     0.365 r  count[1]_i_1/O
                         net (fo=1, routed)           0.000     0.365    count[1]_i_1_n_0
    SLICE_X43Y41         FDCE                                         r  count_reg[1]/D
  -------------------------------------------------------------------    -------------------

Slack:                    inf
  Source:                 stopCount_reg/C
                            (rising edge-triggered cell FDCE)
  Destination:            stopCount_reg/D
  Path Group:             (none)
  Path Type:              Min at Fast Process Corner
  Data Path Delay:        0.365ns  (logic 0.186ns (50.911%)  route 0.179ns (49.089%))
  Logic Levels:           2  (FDCE=1 LUT3=1)

    Location             Delay type                Incr(ns)  Path(ns)    Netlist Resource(s)
  -------------------------------------------------------------------    -------------------
    SLICE_X43Y40         FDCE                         0.000     0.000 r  stopCount_reg/C
    SLICE_X43Y40         FDCE (Prop_fdce_C_Q)         0.141     0.141 r  stopCount_reg/Q
                         net (fo=3, routed)           0.179     0.320    stopCount
    SLICE_X43Y40         LUT3 (Prop_lut3_I2_O)        0.045     0.365 r  stopCount_i_1/O
                         net (fo=1, routed)           0.000     0.365    stopCount_i_1_n_0
    SLICE_X43Y40         FDCE                                         r  stopCount_reg/D
  -------------------------------------------------------------------    -------------------

Slack:                    inf
  Source:                 control_reg/C
                            (rising edge-triggered cell FDPE)
  Destination:            control_reg/D
  Path Group:             (none)
  Path Type:              Min at Fast Process Corner
  Data Path Delay:        0.406ns  (logic 0.209ns (51.421%)  route 0.197ns (48.579%))
  Logic Levels:           2  (FDPE=1 LUT3=1)

    Location             Delay type                Incr(ns)  Path(ns)    Netlist Resource(s)
  -------------------------------------------------------------------    -------------------
    SLICE_X42Y40         FDPE                         0.000     0.000 r  control_reg/C
    SLICE_X42Y40         FDPE (Prop_fdpe_C_Q)         0.164     0.164 r  control_reg/Q
                         net (fo=4, routed)           0.197     0.361    control
    SLICE_X42Y40         LUT3 (Prop_lut3_I2_O)        0.045     0.406 r  control_i_1/O
                         net (fo=1, routed)           0.000     0.406    control_i_1_n_0
    SLICE_X42Y40         FDPE                                         r  control_reg/D
  -------------------------------------------------------------------    -------------------

Slack:                    inf
  Source:                 count_reg[3]/C
                            (rising edge-triggered cell FDCE)
  Destination:            count_reg[3]/D
  Path Group:             (none)
  Path Type:              Min at Fast Process Corner
  Data Path Delay:        0.419ns  (logic 0.186ns (44.342%)  route 0.233ns (55.658%))
  Logic Levels:           2  (FDCE=1 LUT6=1)

    Location             Delay type                Incr(ns)  Path(ns)    Netlist Resource(s)
  -------------------------------------------------------------------    -------------------
    SLICE_X43Y41         FDCE                         0.000     0.000 r  count_reg[3]/C
    SLICE_X43Y41         FDCE (Prop_fdce_C_Q)         0.141     0.141 r  count_reg[3]/Q
                         net (fo=2, routed)           0.233     0.374    led_OBUF[3]
    SLICE_X43Y41         LUT6 (Prop_lut6_I0_O)        0.045     0.419 r  count[3]_i_2/O
                         net (fo=1, routed)           0.000     0.419    count[3]_i_2_n_0
    SLICE_X43Y41         FDCE                                         r  count_reg[3]/D
  -------------------------------------------------------------------    -------------------

Slack:                    inf
  Source:                 count_reg[0]/C
                            (rising edge-triggered cell FDCE)
  Destination:            count_reg[0]/D
  Path Group:             (none)
  Path Type:              Min at Fast Process Corner
  Data Path Delay:        0.455ns  (logic 0.209ns (45.945%)  route 0.246ns (54.055%))
  Logic Levels:           2  (FDCE=1 LUT5=1)

    Location             Delay type                Incr(ns)  Path(ns)    Netlist Resource(s)
  -------------------------------------------------------------------    -------------------
    SLICE_X42Y41         FDCE                         0.000     0.000 r  count_reg[0]/C
    SLICE_X42Y41         FDCE (Prop_fdce_C_Q)         0.164     0.164 f  count_reg[0]/Q
                         net (fo=5, routed)           0.246     0.410    led_OBUF[0]
    SLICE_X42Y41         LUT5 (Prop_lut5_I0_O)        0.045     0.455 r  count[0]_i_1/O
                         net (fo=1, routed)           0.000     0.455    count[0]_i_1_n_0
    SLICE_X42Y41         FDCE                                         r  count_reg[0]/D
  -------------------------------------------------------------------    -------------------

Slack:                    inf
  Source:                 control_reg/C
                            (rising edge-triggered cell FDPE)
  Destination:            count_reg[1]/CE
  Path Group:             (none)
  Path Type:              Min at Fast Process Corner
  Data Path Delay:        0.459ns  (logic 0.209ns (45.576%)  route 0.250ns (54.424%))
  Logic Levels:           2  (FDPE=1 LUT5=1)

    Location             Delay type                Incr(ns)  Path(ns)    Netlist Resource(s)
  -------------------------------------------------------------------    -------------------
    SLICE_X42Y40         FDPE                         0.000     0.000 r  control_reg/C
    SLICE_X42Y40         FDPE (Prop_fdpe_C_Q)         0.164     0.164 f  control_reg/Q
                         net (fo=4, routed)           0.180     0.344    control
    SLICE_X42Y41         LUT5 (Prop_lut5_I0_O)        0.045     0.389 r  count[3]_i_1/O
                         net (fo=4, routed)           0.069     0.459    count[3]_i_1_n_0
    SLICE_X43Y41         FDCE                                         r  count_reg[1]/CE
  -------------------------------------------------------------------    -------------------

Slack:                    inf
  Source:                 control_reg/C
                            (rising edge-triggered cell FDPE)
  Destination:            count_reg[2]/CE
  Path Group:             (none)
  Path Type:              Min at Fast Process Corner
  Data Path Delay:        0.459ns  (logic 0.209ns (45.576%)  route 0.250ns (54.424%))
  Logic Levels:           2  (FDPE=1 LUT5=1)

    Location             Delay type                Incr(ns)  Path(ns)    Netlist Resource(s)
  -------------------------------------------------------------------    -------------------
    SLICE_X42Y40         FDPE                         0.000     0.000 r  control_reg/C
    SLICE_X42Y40         FDPE (Prop_fdpe_C_Q)         0.164     0.164 f  control_reg/Q
                         net (fo=4, routed)           0.180     0.344    control
    SLICE_X42Y41         LUT5 (Prop_lut5_I0_O)        0.045     0.389 r  count[3]_i_1/O
                         net (fo=4, routed)           0.069     0.459    count[3]_i_1_n_0
    SLICE_X43Y41         FDCE                                         r  count_reg[2]/CE
  -------------------------------------------------------------------    -------------------

Slack:                    inf
  Source:                 control_reg/C
                            (rising edge-triggered cell FDPE)
  Destination:            count_reg[3]/CE
  Path Group:             (none)
  Path Type:              Min at Fast Process Corner
  Data Path Delay:        0.459ns  (logic 0.209ns (45.576%)  route 0.250ns (54.424%))
  Logic Levels:           2  (FDPE=1 LUT5=1)

    Location             Delay type                Incr(ns)  Path(ns)    Netlist Resource(s)
  -------------------------------------------------------------------    -------------------
    SLICE_X42Y40         FDPE                         0.000     0.000 r  control_reg/C
    SLICE_X42Y40         FDPE (Prop_fdpe_C_Q)         0.164     0.164 f  control_reg/Q
                         net (fo=4, routed)           0.180     0.344    control
    SLICE_X42Y41         LUT5 (Prop_lut5_I0_O)        0.045     0.389 r  count[3]_i_1/O
                         net (fo=4, routed)           0.069     0.459    count[3]_i_1_n_0
    SLICE_X43Y41         FDCE                                         r  count_reg[3]/CE
  -------------------------------------------------------------------    -------------------

Slack:                    inf
  Source:                 control_reg/C
                            (rising edge-triggered cell FDPE)
  Destination:            count_reg[0]/CE
  Path Group:             (none)
  Path Type:              Min at Fast Process Corner
  Data Path Delay:        0.727ns  (logic 0.209ns (28.748%)  route 0.518ns (71.252%))
  Logic Levels:           2  (FDPE=1 LUT5=1)

    Location             Delay type                Incr(ns)  Path(ns)    Netlist Resource(s)
  -------------------------------------------------------------------    -------------------
    SLICE_X42Y40         FDPE                         0.000     0.000 r  control_reg/C
    SLICE_X42Y40         FDPE (Prop_fdpe_C_Q)         0.164     0.164 f  control_reg/Q
                         net (fo=4, routed)           0.180     0.344    control
    SLICE_X42Y41         LUT5 (Prop_lut5_I0_O)        0.045     0.389 r  count[3]_i_1/O
                         net (fo=4, routed)           0.338     0.727    count[3]_i_1_n_0
    SLICE_X42Y41         FDCE                                         r  count_reg[0]/CE
  -------------------------------------------------------------------    -------------------





