Copyright 1986-2022 Xilinx, Inc. All Rights Reserved. Copyright 2022-2025 Advanced Micro Devices, Inc. All Rights Reserved.
---------------------------------------------------------------------------------------------------------------------------------------------
| Tool Version : Vivado v.2025.1 (win64) Build 6140274 Thu May 22 00:12:29 MDT 2025
| Date         : Sun Dec 14 13:40:38 2025
| Host         : DESKTOP-087OT34 running 64-bit major release  (build 9200)
| Command      : report_drc -file ledDisplay_drc_routed.rpt -pb ledDisplay_drc_routed.pb -rpx ledDisplay_drc_routed.rpx
| Design       : ledDisplay
| Device       : xc7z010clg400-1
| Speed File   : -1
| Design State : Fully Routed
---------------------------------------------------------------------------------------------------------------------------------------------

Report DRC

Table of Contents
-----------------
1. REPORT SUMMARY
2. REPORT DETAILS

1. REPORT SUMMARY
-----------------
            Netlist: netlist
          Floorplan: design_1
      Design limits: <entire design considered>
           Ruledeck: default
             Max checks: <unlimited>
             Checks found: 2
+--------+----------+------------------------------------------------+--------+
| Rule   | Severity | Description                                    | Checks |
+--------+----------+------------------------------------------------+--------+
| PLIO-3 | Warning  | Placement Constraints Check for IO constraints | 1      |
| ZPS7-1 | Warning  | PS7 block required                             | 1      |
+--------+----------+------------------------------------------------+--------+

2. REPORT DETAILS
-----------------
PLIO-3#1 Warning
Placement Constraints Check for IO constraints  
Partially locked IO Bus is found. Following components of the IO Bus ctrl[3:0] are not locked:  ctrl[3]
Related violations: <none>

ZPS7-1#1 Warning
PS7 block required  
The PS7 cell must be used in this Zynq design in order to enable correct default configuration.
Related violations: <none>


